{"D:\\general-management-app\\src\\app.ts": {"path":"D:\\general-management-app\\src\\app.ts","statementMap":{"0":{"start":{"line":1,"column":0},"end":{"line":1,"column":16}},"1":{"start":{"line":2,"column":0},"end":{"line":2,"column":28}},"2":{"start":{"line":4,"column":0},"end":{"line":4,"column":16}},"3":{"start":{"line":6,"column":0},"end":{"line":6,"column":47}},"4":{"start":{"line":7,"column":0},"end":{"line":7,"column":26}},"5":{"start":{"line":9,"column":0},"end":{"line":9,"column":85}},"6":{"start":{"line":10,"column":0},"end":{"line":10,"column":71}},"7":{"start":{"line":11,"column":0},"end":{"line":11,"column":54}},"8":{"start":{"line":12,"column":0},"end":{"line":12,"column":47}},"9":{"start":{"line":13,"column":0},"end":{"line":13,"column":85}},"10":{"start":{"line":14,"column":0},"end":{"line":14,"column":45}},"11":{"start":{"line":15,"column":0},"end":{"line":15,"column":60}},"12":{"start":{"line":17,"column":0},"end":{"line":17,"column":16}},"13":{"start":{"line":19,"column":25},"end":{"line":19,"column":34}},"14":{"start":{"line":43,"column":9},"end":{"line":43,"column":12}},"15":{"start":{"line":20,"column":0},"end":{"line":20,"column":24}},"16":{"start":{"line":21,"column":0},"end":{"line":21,"column":20}},"17":{"start":{"line":23,"column":0},"end":{"line":23,"column":26}},"18":{"start":{"line":24,"column":0},"end":{"line":24,"column":18}},"19":{"start":{"line":27,"column":0},"end":{"line":27,"column":39}},"20":{"start":{"line":28,"column":0},"end":{"line":28,"column":31}},"21":{"start":{"line":31,"column":0},"end":{"line":41,"column":5}},"22":{"start":{"line":32,"column":19},"end":{"line":38,"column":4}},"23":{"start":{"line":33,"column":4},"end":{"line":33,"column":53}},"24":{"start":{"line":34,"column":4},"end":{"line":34,"column":102}},"25":{"start":{"line":34,"column":86},"end":{"line":34,"column":99}},"26":{"start":{"line":37,"column":4},"end":{"line":37,"column":24}},"27":{"start":{"line":40,"column":4},"end":{"line":40,"column":67}}},"fnMap":{"0":{"name":"(anonymous_8)","decl":{"start":{"line":32,"column":8},"end":{"line":32,"column":17}},"loc":{"start":{"line":32,"column":19},"end":{"line":38,"column":4}}},"1":{"name":"(anonymous_9)","decl":{"start":{"line":32,"column":19},"end":{"line":32,"column":null}},"loc":{"start":{"line":32,"column":19},"end":{"line":38,"column":3}}},"2":{"name":"(anonymous_10)","decl":{"start":{"line":34,"column":74},"end":{"line":34,"column":82}},"loc":{"start":{"line":34,"column":86},"end":{"line":34,"column":99}}},"3":{"name":"(anonymous_11)","decl":{"start":{"line":39,"column":9},"end":{"line":39,"column":10}},"loc":{"start":{"line":39,"column":17},"end":{"line":41,"column":3}}}},"branchMap":{},"s":{"0":2,"1":2,"2":2,"3":2,"4":2,"5":2,"6":2,"7":2,"8":2,"9":2,"10":2,"11":2,"12":2,"13":2,"14":2,"15":2,"16":2,"17":2,"18":2,"19":2,"20":2,"21":2,"22":0,"23":0,"24":0,"25":0,"26":0,"27":0},"f":{"0":0,"1":0,"2":0,"3":0},"b":{}}
,"D:\\general-management-app\\src\\base\\base.controller.ts": {"path":"D:\\general-management-app\\src\\base\\base.controller.ts","statementMap":{"0":{"start":{"line":2,"column":0},"end":{"line":2,"column":48}},"1":{"start":{"line":4,"column":0},"end":{"line":4,"column":60}},"2":{"start":{"line":5,"column":0},"end":{"line":5,"column":38}},"3":{"start":{"line":6,"column":0},"end":{"line":6,"column":49}},"4":{"start":{"line":18,"column":2},"end":{"line":31,"column":5}},"5":{"start":{"line":18,"column":62},"end":{"line":31,"column":4}},"6":{"start":{"line":19,"column":17},"end":{"line":19,"column":70}},"7":{"start":{"line":20,"column":21},"end":{"line":29,"column":6}},"8":{"start":{"line":30,"column":4},"end":{"line":30,"column":51}},"9":{"start":{"line":33,"column":2},"end":{"line":48,"column":5}},"10":{"start":{"line":33,"column":63},"end":{"line":48,"column":4}},"11":{"start":{"line":34,"column":18},"end":{"line":34,"column":33}},"12":{"start":{"line":35,"column":33},"end":{"line":35,"column":66}},"13":{"start":{"line":36,"column":21},"end":{"line":46,"column":6}},"14":{"start":{"line":47,"column":4},"end":{"line":47,"column":51}},"15":{"start":{"line":50,"column":2},"end":{"line":69,"column":5}},"16":{"start":{"line":50,"column":64},"end":{"line":69,"column":4}},"17":{"start":{"line":51,"column":19},"end":{"line":51,"column":29}},"18":{"start":{"line":52,"column":17},"end":{"line":52,"column":48}},"19":{"start":{"line":53,"column":4},"end":{"line":57,"column":5}},"20":{"start":{"line":54,"column":6},"end":{"line":56,"column":9}},"21":{"start":{"line":58,"column":21},"end":{"line":67,"column":6}},"22":{"start":{"line":68,"column":4},"end":{"line":68,"column":51}},"23":{"start":{"line":71,"column":2},"end":{"line":91,"column":5}},"24":{"start":{"line":71,"column":62},"end":{"line":91,"column":4}},"25":{"start":{"line":72,"column":19},"end":{"line":72,"column":29}},"26":{"start":{"line":73,"column":21},"end":{"line":73,"column":43}},"27":{"start":{"line":74,"column":24},"end":{"line":74,"column":63}},"28":{"start":{"line":75,"column":4},"end":{"line":79,"column":5}},"29":{"start":{"line":76,"column":6},"end":{"line":78,"column":9}},"30":{"start":{"line":80,"column":21},"end":{"line":89,"column":6}},"31":{"start":{"line":90,"column":4},"end":{"line":90,"column":51}},"32":{"start":{"line":93,"column":2},"end":{"line":112,"column":5}},"33":{"start":{"line":93,"column":62},"end":{"line":112,"column":4}},"34":{"start":{"line":94,"column":19},"end":{"line":94,"column":29}},"35":{"start":{"line":95,"column":24},"end":{"line":95,"column":53}},"36":{"start":{"line":96,"column":4},"end":{"line":100,"column":5}},"37":{"start":{"line":97,"column":6},"end":{"line":99,"column":9}},"38":{"start":{"line":101,"column":21},"end":{"line":110,"column":6}},"39":{"start":{"line":111,"column":4},"end":{"line":111,"column":51}},"40":{"start":{"line":14,"column":4},"end":{"line":14,"column":27}},"41":{"start":{"line":15,"column":4},"end":{"line":15,"column":31}},"42":{"start":{"line":9,"column":0},"end":{"line":9,"column":13}}},"fnMap":{"0":{"name":"(anonymous_7)","decl":{"start":{"line":13,"column":2},"end":{"line":13,"column":14}},"loc":{"start":{"line":13,"column":56},"end":{"line":16,"column":3}}},"1":{"name":"(anonymous_8)","decl":{"start":{"line":18,"column":24},"end":{"line":18,"column":31}},"loc":{"start":{"line":18,"column":62},"end":{"line":31,"column":4}}},"2":{"name":"(anonymous_9)","decl":{"start":{"line":18,"column":62},"end":{"line":18,"column":null}},"loc":{"start":{"line":18,"column":62},"end":{"line":31,"column":3}}},"3":{"name":"(anonymous_10)","decl":{"start":{"line":33,"column":25},"end":{"line":33,"column":32}},"loc":{"start":{"line":33,"column":63},"end":{"line":48,"column":4}}},"4":{"name":"(anonymous_11)","decl":{"start":{"line":33,"column":63},"end":{"line":33,"column":null}},"loc":{"start":{"line":33,"column":63},"end":{"line":48,"column":3}}},"5":{"name":"(anonymous_12)","decl":{"start":{"line":50,"column":26},"end":{"line":50,"column":33}},"loc":{"start":{"line":50,"column":64},"end":{"line":69,"column":4}}},"6":{"name":"(anonymous_13)","decl":{"start":{"line":50,"column":64},"end":{"line":50,"column":null}},"loc":{"start":{"line":50,"column":64},"end":{"line":69,"column":3}}},"7":{"name":"(anonymous_14)","decl":{"start":{"line":71,"column":24},"end":{"line":71,"column":31}},"loc":{"start":{"line":71,"column":62},"end":{"line":91,"column":4}}},"8":{"name":"(anonymous_15)","decl":{"start":{"line":71,"column":62},"end":{"line":71,"column":null}},"loc":{"start":{"line":71,"column":62},"end":{"line":91,"column":3}}},"9":{"name":"(anonymous_16)","decl":{"start":{"line":93,"column":24},"end":{"line":93,"column":31}},"loc":{"start":{"line":93,"column":62},"end":{"line":112,"column":4}}},"10":{"name":"(anonymous_17)","decl":{"start":{"line":93,"column":62},"end":{"line":93,"column":null}},"loc":{"start":{"line":93,"column":62},"end":{"line":112,"column":3}}}},"branchMap":{"0":{"loc":{"start":{"line":34,"column":18},"end":{"line":34,"column":33}},"type":"binary-expr","locations":[{"start":{"line":34,"column":18},"end":{"line":34,"column":27}},{"start":{"line":34,"column":31},"end":{"line":34,"column":33}}]},"1":{"loc":{"start":{"line":53,"column":4},"end":{"line":57,"column":5}},"type":"if","locations":[{"start":{"line":53,"column":4},"end":{"line":57,"column":5}}]},"2":{"loc":{"start":{"line":75,"column":4},"end":{"line":79,"column":5}},"type":"if","locations":[{"start":{"line":75,"column":4},"end":{"line":79,"column":5}}]},"3":{"loc":{"start":{"line":96,"column":4},"end":{"line":100,"column":5}},"type":"if","locations":[{"start":{"line":96,"column":4},"end":{"line":100,"column":5}}]}},"s":{"0":8,"1":8,"2":8,"3":8,"4":15,"5":2,"6":2,"7":1,"8":1,"9":15,"10":2,"11":2,"12":2,"13":1,"14":1,"15":15,"16":2,"17":2,"18":2,"19":0,"20":0,"21":0,"22":0,"23":15,"24":2,"25":2,"26":2,"27":2,"28":1,"29":0,"30":1,"31":1,"32":15,"33":1,"34":1,"35":1,"36":0,"37":0,"38":0,"39":0,"40":15,"41":15,"42":8},"f":{"0":15,"1":2,"2":2,"3":2,"4":2,"5":2,"6":2,"7":2,"8":2,"9":1,"10":1},"b":{"0":[2,0],"1":[0],"2":[0],"3":[0]}}
,"D:\\general-management-app\\src\\base\\base.service.ts": {"path":"D:\\general-management-app\\src\\base\\base.service.ts","statementMap":{"0":{"start":{"line":1,"column":0},"end":{"line":1,"column":null}},"1":{"start":{"line":14,"column":4},"end":{"line":14,"column":33}},"2":{"start":{"line":18,"column":50},"end":{"line":18,"column":55}},"3":{"start":{"line":20,"column":42},"end":{"line":22,"column":null}},"4":{"start":{"line":24,"column":24},"end":{"line":24,"column":66}},"5":{"start":{"line":25,"column":26},"end":{"line":27,"column":null}},"6":{"start":{"line":30,"column":32},"end":{"line":35,"column":6}},"7":{"start":{"line":37,"column":26},"end":{"line":37,"column":81}},"8":{"start":{"line":39,"column":47},"end":{"line":47,"column":6}},"9":{"start":{"line":49,"column":4},"end":{"line":52,"column":6}},"10":{"start":{"line":56,"column":4},"end":{"line":56,"column":50}},"11":{"start":{"line":60,"column":4},"end":{"line":60,"column":58}},"12":{"start":{"line":64,"column":19},"end":{"line":64,"column":47}},"13":{"start":{"line":65,"column":4},"end":{"line":65,"column":46}},"14":{"start":{"line":69,"column":4},"end":{"line":69,"column":43}},"15":{"start":{"line":70,"column":4},"end":{"line":70,"column":58}},"16":{"start":{"line":74,"column":19},"end":{"line":74,"column":65}},"17":{"start":{"line":75,"column":4},"end":{"line":77,"column":5}},"18":{"start":{"line":76,"column":6},"end":{"line":76,"column":43}},"19":{"start":{"line":78,"column":4},"end":{"line":78,"column":18}},"20":{"start":{"line":10,"column":0},"end":{"line":10,"column":13}}},"fnMap":{"0":{"name":"(anonymous_7)","decl":{"start":{"line":13,"column":2},"end":{"line":13,"column":14}},"loc":{"start":{"line":13,"column":39},"end":{"line":15,"column":3}}},"1":{"name":"(anonymous_8)","decl":{"start":{"line":17,"column":8},"end":{"line":17,"column":15}},"loc":{"start":{"line":17,"column":26},"end":{"line":53,"column":null}}},"2":{"name":"(anonymous_10)","decl":{"start":{"line":55,"column":8},"end":{"line":55,"column":15}},"loc":{"start":{"line":55,"column":29},"end":{"line":57,"column":null}}},"3":{"name":"(anonymous_12)","decl":{"start":{"line":59,"column":8},"end":{"line":59,"column":16}},"loc":{"start":{"line":59,"column":27},"end":{"line":61,"column":null}}},"4":{"name":"(anonymous_14)","decl":{"start":{"line":63,"column":8},"end":{"line":63,"column":14}},"loc":{"start":{"line":63,"column":35},"end":{"line":66,"column":null}}},"5":{"name":"(anonymous_16)","decl":{"start":{"line":68,"column":8},"end":{"line":68,"column":14}},"loc":{"start":{"line":68,"column":58},"end":{"line":71,"column":null}}},"6":{"name":"(anonymous_18)","decl":{"start":{"line":73,"column":8},"end":{"line":73,"column":14}},"loc":{"start":{"line":73,"column":25},"end":{"line":79,"column":null}}}},"branchMap":{"0":{"loc":{"start":{"line":75,"column":4},"end":{"line":77,"column":5}},"type":"if","locations":[{"start":{"line":75,"column":4},"end":{"line":77,"column":5}}]}},"s":{"0":8,"1":21,"2":1,"3":1,"4":1,"5":1,"6":1,"7":1,"8":0,"9":0,"10":0,"11":3,"12":1,"13":0,"14":1,"15":0,"16":1,"17":0,"18":0,"19":0,"20":8},"f":{"0":21,"1":1,"2":0,"3":3,"4":1,"5":1,"6":1},"b":{"0":[0]}}
,"D:\\general-management-app\\src\\base\\base.validation.ts": {"path":"D:\\general-management-app\\src\\base\\base.validation.ts","statementMap":{"0":{"start":{"line":3,"column":0},"end":{"line":3,"column":83}},"1":{"start":{"line":59,"column":4},"end":{"line":59,"column":30}},"2":{"start":{"line":66,"column":4},"end":{"line":74,"column":6}},"3":{"start":{"line":78,"column":4},"end":{"line":80,"column":6}},"4":{"start":{"line":84,"column":4},"end":{"line":86,"column":6}},"5":{"start":{"line":90,"column":4},"end":{"line":90,"column":32}},"6":{"start":{"line":6,"column":12},"end":{"line":15,"column":4}},"7":{"start":{"line":17,"column":12},"end":{"line":49,"column":4}},"8":{"start":{"line":94,"column":4},"end":{"line":94,"column":81}},"9":{"start":{"line":95,"column":4},"end":{"line":95,"column":81}},"10":{"start":{"line":96,"column":4},"end":{"line":96,"column":81}},"11":{"start":{"line":97,"column":4},"end":{"line":97,"column":85}},"12":{"start":{"line":98,"column":4},"end":{"line":98,"column":83}},"13":{"start":{"line":102,"column":4},"end":{"line":102,"column":88}},"14":{"start":{"line":106,"column":4},"end":{"line":106,"column":88}},"15":{"start":{"line":110,"column":4},"end":{"line":110,"column":88}},"16":{"start":{"line":114,"column":4},"end":{"line":114,"column":90}},"17":{"start":{"line":118,"column":4},"end":{"line":118,"column":89}},"18":{"start":{"line":5,"column":0},"end":{"line":5,"column":22}},"19":{"start":{"line":51,"column":26},"end":{"line":51,"column":42}},"20":{"start":{"line":52,"column":31},"end":{"line":52,"column":58}},"21":{"start":{"line":53,"column":33},"end":{"line":53,"column":59}},"22":{"start":{"line":54,"column":27},"end":{"line":54,"column":65}},"23":{"start":{"line":55,"column":28},"end":{"line":55,"column":67}}},"fnMap":{"0":{"name":"(anonymous_0)","decl":{"start":{"line":58,"column":12},"end":{"line":58,"column":18}},"loc":{"start":{"line":58,"column":35},"end":{"line":60,"column":3}}},"1":{"name":"(anonymous_1)","decl":{"start":{"line":62,"column":12},"end":{"line":62,"column":18}},"loc":{"start":{"line":64,"column":22},"end":{"line":75,"column":3}}},"2":{"name":"(anonymous_2)","decl":{"start":{"line":77,"column":12},"end":{"line":77,"column":31}},"loc":{"start":{"line":77,"column":31},"end":{"line":81,"column":3}}},"3":{"name":"(anonymous_3)","decl":{"start":{"line":83,"column":12},"end":{"line":83,"column":33}},"loc":{"start":{"line":83,"column":33},"end":{"line":87,"column":3}}},"4":{"name":"(anonymous_4)","decl":{"start":{"line":89,"column":12},"end":{"line":89,"column":32}},"loc":{"start":{"line":89,"column":32},"end":{"line":91,"column":3}}},"5":{"name":"(anonymous_5)","decl":{"start":{"line":93,"column":2},"end":{"line":93,"column":null}},"loc":{"start":{"line":93,"column":2},"end":{"line":99,"column":3}}},"6":{"name":"(anonymous_6)","decl":{"start":{"line":101,"column":9},"end":{"line":101,"column":35}},"loc":{"start":{"line":101,"column":83},"end":{"line":103,"column":3}}},"7":{"name":"(anonymous_7)","decl":{"start":{"line":105,"column":9},"end":{"line":105,"column":35}},"loc":{"start":{"line":105,"column":83},"end":{"line":107,"column":3}}},"8":{"name":"(anonymous_8)","decl":{"start":{"line":109,"column":9},"end":{"line":109,"column":35}},"loc":{"start":{"line":109,"column":83},"end":{"line":111,"column":3}}},"9":{"name":"(anonymous_9)","decl":{"start":{"line":113,"column":9},"end":{"line":113,"column":37}},"loc":{"start":{"line":113,"column":85},"end":{"line":115,"column":3}}},"10":{"name":"(anonymous_10)","decl":{"start":{"line":117,"column":9},"end":{"line":117,"column":36}},"loc":{"start":{"line":117,"column":84},"end":{"line":119,"column":3}}},"11":{"name":"(anonymous_11)","decl":{"start":{"line":52,"column":12},"end":{"line":52,"column":13}},"loc":{"start":{"line":52,"column":31},"end":{"line":52,"column":58}}},"12":{"name":"(anonymous_12)","decl":{"start":{"line":53,"column":14},"end":{"line":53,"column":15}},"loc":{"start":{"line":53,"column":33},"end":{"line":53,"column":59}}},"13":{"name":"(anonymous_13)","decl":{"start":{"line":54,"column":21},"end":{"line":54,"column":24}},"loc":{"start":{"line":54,"column":27},"end":{"line":54,"column":65}}},"14":{"name":"(anonymous_14)","decl":{"start":{"line":55,"column":22},"end":{"line":55,"column":25}},"loc":{"start":{"line":55,"column":28},"end":{"line":55,"column":67}}}},"branchMap":{"0":{"loc":{"start":{"line":64,"column":4},"end":{"line":64,"column":22}},"type":"default-arg","locations":[{"start":{"line":64,"column":17},"end":{"line":64,"column":22}}]},"1":{"loc":{"start":{"line":72,"column":18},"end":{"line":72,"column":74}},"type":"cond-expr","locations":[{"start":{"line":72,"column":31},"end":{"line":72,"column":62}},{"start":{"line":72,"column":65},"end":{"line":72,"column":74}}]}},"s":{"0":8,"1":0,"2":0,"3":0,"4":0,"5":0,"6":4,"7":4,"8":4,"9":4,"10":4,"11":4,"12":4,"13":0,"14":0,"15":0,"16":0,"17":0,"18":8,"19":8,"20":0,"21":0,"22":0,"23":0},"f":{"0":0,"1":0,"2":0,"3":0,"4":0,"5":4,"6":0,"7":0,"8":0,"9":0,"10":0,"11":0,"12":0,"13":0,"14":0},"b":{"0":[0],"1":[0,0]}}
,"D:\\general-management-app\\src\\base\\index.ts": {"path":"D:\\general-management-app\\src\\base\\index.ts","statementMap":{"0":{"start":{"line":1,"column":0},"end":{"line":1,"column":33}},"1":{"start":{"line":2,"column":0},"end":{"line":2,"column":30}},"2":{"start":{"line":3,"column":0},"end":{"line":3,"column":33}},"3":{"start":{"line":4,"column":0},"end":{"line":4,"column":33}}},"fnMap":{},"branchMap":{},"s":{"0":8,"1":8,"2":8,"3":8},"f":{},"b":{}}
,"D:\\general-management-app\\src\\common\\config\\config.ts": {"path":"D:\\general-management-app\\src\\common\\config\\config.ts","statementMap":{"0":{"start":{"line":3,"column":0},"end":{"line":3,"column":37}},"1":{"start":{"line":4,"column":0},"end":{"line":4,"column":46}},"2":{"start":{"line":12,"column":4},"end":{"line":24,"column":5}},"3":{"start":{"line":13,"column":31},"end":{"line":13,"column":55}},"4":{"start":{"line":14,"column":6},"end":{"line":19,"column":7}},"5":{"start":{"line":15,"column":8},"end":{"line":17,"column":11}},"6":{"start":{"line":18,"column":8},"end":{"line":18,"column":69}},"7":{"start":{"line":21,"column":6},"end":{"line":21,"column":78}},"8":{"start":{"line":23,"column":6},"end":{"line":23,"column":39}},"9":{"start":{"line":25,"column":4},"end":{"line":25,"column":36}},"10":{"start":{"line":29,"column":13},"end":{"line":29,"column":61}}},"fnMap":{"0":{"name":"(anonymous_1)","decl":{"start":{"line":9,"column":2},"end":{"line":9,"column":25}},"loc":{"start":{"line":9,"column":2},"end":{"line":9,"column":26}}},"1":{"name":"(anonymous_2)","decl":{"start":{"line":11,"column":9},"end":{"line":11,"column":15}},"loc":{"start":{"line":11,"column":27},"end":{"line":26,"column":3}}}},"branchMap":{"0":{"loc":{"start":{"line":12,"column":4},"end":{"line":24,"column":5}},"type":"if","locations":[{"start":{"line":12,"column":4},"end":{"line":24,"column":5}}]},"1":{"loc":{"start":{"line":14,"column":6},"end":{"line":19,"column":7}},"type":"if","locations":[{"start":{"line":14,"column":6},"end":{"line":19,"column":7}}]}},"s":{"0":8,"1":8,"2":8,"3":8,"4":8,"5":0,"6":0,"7":8,"8":8,"9":8,"10":8},"f":{"0":0,"1":8},"b":{"0":[8],"1":[0]}}
,"D:\\general-management-app\\src\\common\\config\\data-source.ts": {"path":"D:\\general-management-app\\src\\common\\config\\data-source.ts","statementMap":{"0":{"start":{"line":1,"column":0},"end":{"line":1,"column":37}},"1":{"start":{"line":2,"column":0},"end":{"line":2,"column":48}},"2":{"start":{"line":3,"column":0},"end":{"line":3,"column":56}},"3":{"start":{"line":5,"column":13},"end":{"line":15,"column":3}}},"fnMap":{},"branchMap":{},"s":{"0":7,"1":7,"2":7,"3":7},"f":{},"b":{}}
,"D:\\general-management-app\\src\\common\\config\\index.ts": {"path":"D:\\general-management-app\\src\\common\\config\\index.ts","statementMap":{"0":{"start":{"line":1,"column":0},"end":{"line":1,"column":24}}},"fnMap":{},"branchMap":{},"s":{"0":8},"f":{},"b":{}}
,"D:\\general-management-app\\src\\common\\errors\\api.error.ts": {"path":"D:\\general-management-app\\src\\common\\errors\\api.error.ts","statementMap":{"0":{"start":{"line":1,"column":0},"end":{"line":1,"column":65}},"1":{"start":{"line":17,"column":4},"end":{"line":17,"column":12}},"2":{"start":{"line":18,"column":4},"end":{"line":18,"column":44}},"3":{"start":{"line":19,"column":4},"end":{"line":19,"column":33}},"4":{"start":{"line":20,"column":4},"end":{"line":20,"column":25}},"5":{"start":{"line":21,"column":4},"end":{"line":21,"column":29}},"6":{"start":{"line":22,"column":4},"end":{"line":22,"column":29}},"7":{"start":{"line":23,"column":4},"end":{"line":23,"column":28}},"8":{"start":{"line":11,"column":0},"end":{"line":11,"column":13}}},"fnMap":{"0":{"name":"(anonymous_0)","decl":{"start":{"line":16,"column":2},"end":{"line":16,"column":14}},"loc":{"start":{"line":16,"column":73},"end":{"line":24,"column":3}}}},"branchMap":{},"s":{"0":8,"1":4,"2":4,"3":4,"4":4,"5":4,"6":4,"7":4,"8":8},"f":{"0":4},"b":{}}
,"D:\\general-management-app\\src\\common\\errors\\bad-request.error.ts": {"path":"D:\\general-management-app\\src\\common\\errors\\bad-request.error.ts","statementMap":{"0":{"start":{"line":1,"column":0},"end":{"line":1,"column":48}},"1":{"start":{"line":3,"column":0},"end":{"line":3,"column":39}},"2":{"start":{"line":5,"column":0},"end":{"line":5,"column":50}},"3":{"start":{"line":9,"column":4},"end":{"line":14,"column":7}},"4":{"start":{"line":7,"column":0},"end":{"line":7,"column":13}}},"fnMap":{"0":{"name":"(anonymous_0)","decl":{"start":{"line":8,"column":2},"end":{"line":8,"column":14}},"loc":{"start":{"line":8,"column":77},"end":{"line":15,"column":3}}}},"branchMap":{},"s":{"0":8,"1":8,"2":8,"3":2,"4":8},"f":{"0":2},"b":{}}
,"D:\\general-management-app\\src\\common\\errors\\index.ts": {"path":"D:\\general-management-app\\src\\common\\errors\\index.ts","statementMap":{"0":{"start":{"line":1,"column":0},"end":{"line":1,"column":28}},"1":{"start":{"line":2,"column":0},"end":{"line":2,"column":36}},"2":{"start":{"line":3,"column":0},"end":{"line":3,"column":33}},"3":{"start":{"line":4,"column":0},"end":{"line":4,"column":34}},"4":{"start":{"line":5,"column":0},"end":{"line":5,"column":36}},"5":{"start":{"line":6,"column":0},"end":{"line":6,"column":37}},"6":{"start":{"line":7,"column":0},"end":{"line":7,"column":35}}},"fnMap":{},"branchMap":{},"s":{"0":8,"1":8,"2":8,"3":8,"4":8,"5":8,"6":8},"f":{},"b":{}}
,"D:\\general-management-app\\src\\common\\errors\\internal.error.ts": {"path":"D:\\general-management-app\\src\\common\\errors\\internal.error.ts","statementMap":{"0":{"start":{"line":1,"column":0},"end":{"line":1,"column":48}},"1":{"start":{"line":3,"column":0},"end":{"line":3,"column":39}},"2":{"start":{"line":5,"column":0},"end":{"line":5,"column":69}},"3":{"start":{"line":9,"column":4},"end":{"line":17,"column":7}},"4":{"start":{"line":7,"column":0},"end":{"line":7,"column":13}}},"fnMap":{"0":{"name":"(anonymous_0)","decl":{"start":{"line":8,"column":2},"end":{"line":8,"column":14}},"loc":{"start":{"line":8,"column":26},"end":{"line":18,"column":3}}}},"branchMap":{},"s":{"0":8,"1":8,"2":8,"3":0,"4":8},"f":{"0":0},"b":{}}
,"D:\\general-management-app\\src\\common\\errors\\not-found.error.ts": {"path":"D:\\general-management-app\\src\\common\\errors\\not-found.error.ts","statementMap":{"0":{"start":{"line":1,"column":0},"end":{"line":1,"column":48}},"1":{"start":{"line":3,"column":0},"end":{"line":3,"column":39}},"2":{"start":{"line":5,"column":0},"end":{"line":5,"column":56}},"3":{"start":{"line":9,"column":4},"end":{"line":14,"column":7}},"4":{"start":{"line":7,"column":0},"end":{"line":7,"column":13}}},"fnMap":{"0":{"name":"(anonymous_0)","decl":{"start":{"line":8,"column":2},"end":{"line":8,"column":14}},"loc":{"start":{"line":8,"column":77},"end":{"line":15,"column":3}}}},"branchMap":{},"s":{"0":8,"1":8,"2":8,"3":2,"4":8},"f":{"0":2},"b":{}}
,"D:\\general-management-app\\src\\common\\errors\\time-exceed.error.ts": {"path":"D:\\general-management-app\\src\\common\\errors\\time-exceed.error.ts","statementMap":{"0":{"start":{"line":1,"column":0},"end":{"line":1,"column":48}},"1":{"start":{"line":3,"column":0},"end":{"line":3,"column":39}},"2":{"start":{"line":5,"column":0},"end":{"line":5,"column":69}},"3":{"start":{"line":9,"column":4},"end":{"line":13,"column":7}},"4":{"start":{"line":7,"column":0},"end":{"line":7,"column":13}}},"fnMap":{"0":{"name":"(anonymous_0)","decl":{"start":{"line":8,"column":2},"end":{"line":8,"column":14}},"loc":{"start":{"line":8,"column":32},"end":{"line":14,"column":3}}}},"branchMap":{},"s":{"0":8,"1":8,"2":8,"3":0,"4":8},"f":{"0":0},"b":{}}
,"D:\\general-management-app\\src\\common\\errors\\unauthorized.error.ts": {"path":"D:\\general-management-app\\src\\common\\errors\\unauthorized.error.ts","statementMap":{"0":{"start":{"line":1,"column":0},"end":{"line":1,"column":48}},"1":{"start":{"line":3,"column":0},"end":{"line":3,"column":39}},"2":{"start":{"line":5,"column":0},"end":{"line":5,"column":69}},"3":{"start":{"line":9,"column":4},"end":{"line":13,"column":7}},"4":{"start":{"line":7,"column":0},"end":{"line":7,"column":13}}},"fnMap":{"0":{"name":"(anonymous_0)","decl":{"start":{"line":8,"column":2},"end":{"line":8,"column":14}},"loc":{"start":{"line":8,"column":32},"end":{"line":14,"column":3}}}},"branchMap":{},"s":{"0":8,"1":8,"2":8,"3":0,"4":8},"f":{"0":0},"b":{}}
,"D:\\general-management-app\\src\\common\\errors\\validation.error.ts": {"path":"D:\\general-management-app\\src\\common\\errors\\validation.error.ts","statementMap":{"0":{"start":{"line":1,"column":0},"end":{"line":1,"column":48}},"1":{"start":{"line":3,"column":0},"end":{"line":3,"column":39}},"2":{"start":{"line":5,"column":0},"end":{"line":5,"column":56}},"3":{"start":{"line":9,"column":4},"end":{"line":14,"column":7}},"4":{"start":{"line":7,"column":0},"end":{"line":7,"column":13}}},"fnMap":{"0":{"name":"(anonymous_0)","decl":{"start":{"line":8,"column":2},"end":{"line":8,"column":14}},"loc":{"start":{"line":8,"column":77},"end":{"line":15,"column":3}}}},"branchMap":{},"s":{"0":8,"1":8,"2":8,"3":0,"4":8},"f":{"0":0},"b":{}}
,"D:\\general-management-app\\src\\common\\factories\\index.ts": {"path":"D:\\general-management-app\\src\\common\\factories\\index.ts","statementMap":{"0":{"start":{"line":1,"column":0},"end":{"line":1,"column":36}}},"fnMap":{},"branchMap":{},"s":{"0":2},"f":{},"b":{}}
,"D:\\general-management-app\\src\\common\\factories\\middleware.factory.ts": {"path":"D:\\general-management-app\\src\\common\\factories\\middleware.factory.ts","statementMap":{"0":{"start":{"line":2,"column":0},"end":{"line":2,"column":84}},"1":{"start":{"line":3,"column":0},"end":{"line":3,"column":73}},"2":{"start":{"line":10,"column":4},"end":{"line":10,"column":35}},"3":{"start":{"line":14,"column":4},"end":{"line":14,"column":56}},"4":{"start":{"line":18,"column":4},"end":{"line":18,"column":50}},"5":{"start":{"line":22,"column":9},"end":{"line":22,"column":26}}},"fnMap":{"0":{"name":"(anonymous_0)","decl":{"start":{"line":9,"column":2},"end":{"line":9,"column":14}},"loc":{"start":{"line":9,"column":38},"end":{"line":11,"column":3}}},"1":{"name":"(anonymous_1)","decl":{"start":{"line":13,"column":2},"end":{"line":13,"column":22}},"loc":{"start":{"line":13,"column":22},"end":{"line":15,"column":3}}},"2":{"name":"(anonymous_2)","decl":{"start":{"line":17,"column":2},"end":{"line":17,"column":27}},"loc":{"start":{"line":17,"column":48},"end":{"line":19,"column":3}}}},"branchMap":{},"s":{"0":2,"1":2,"2":4,"3":4,"4":4,"5":2},"f":{"0":4,"1":4,"2":4},"b":{}}
,"D:\\general-management-app\\src\\common\\middlewares\\allowedTo.middleware.ts": {"path":"D:\\general-management-app\\src\\common\\middlewares\\allowedTo.middleware.ts","statementMap":{"0":{"start":{"line":3,"column":0},"end":{"line":3,"column":56}},"1":{"start":{"line":5,"column":0},"end":{"line":5,"column":34}},"2":{"start":{"line":8,"column":22},"end":{"line":8,"column":46}},"3":{"start":{"line":10,"column":2},"end":{"line":17,"column":4}},"4":{"start":{"line":11,"column":4},"end":{"line":11,"column":70}},"5":{"start":{"line":12,"column":21},"end":{"line":12,"column":46}},"6":{"start":{"line":13,"column":4},"end":{"line":15,"column":5}},"7":{"start":{"line":14,"column":6},"end":{"line":14,"column":60}},"8":{"start":{"line":16,"column":4},"end":{"line":16,"column":11}},"9":{"start":{"line":20,"column":9},"end":{"line":20,"column":28}}},"fnMap":{"0":{"name":"(anonymous_0)","decl":{"start":{"line":8,"column":2},"end":{"line":8,"column":22}},"loc":{"start":{"line":8,"column":46},"end":{"line":8,"column":50}}},"1":{"name":"(anonymous_1)","decl":{"start":{"line":10,"column":12},"end":{"line":10,"column":13}},"loc":{"start":{"line":10,"column":71},"end":{"line":17,"column":3}}}},"branchMap":{"0":{"loc":{"start":{"line":12,"column":21},"end":{"line":12,"column":46}},"type":"cond-expr","locations":[{"start":{"line":12,"column":40},"end":{"line":12,"column":42}},{"start":{"line":12,"column":40},"end":{"line":12,"column":46}}]},"1":{"loc":{"start":{"line":12,"column":21},"end":{"line":12,"column":42}},"type":"binary-expr","locations":[{"start":{"line":12,"column":21},"end":{"line":12,"column":42}},{"start":{"line":12,"column":40},"end":{"line":12,"column":42}}]},"2":{"loc":{"start":{"line":13,"column":4},"end":{"line":15,"column":5}},"type":"if","locations":[{"start":{"line":13,"column":4},"end":{"line":15,"column":5}}]}},"s":{"0":2,"1":2,"2":4,"3":4,"4":0,"5":0,"6":0,"7":0,"8":0,"9":2},"f":{"0":4,"1":0},"b":{"0":[0,0],"1":[0,0],"2":[0]}}
,"D:\\general-management-app\\src\\common\\middlewares\\auth.middleware.ts": {"path":"D:\\general-management-app\\src\\common\\middlewares\\auth.middleware.ts","statementMap":{"0":{"start":{"line":3,"column":0},"end":{"line":3,"column":56}},"1":{"start":{"line":4,"column":0},"end":{"line":4,"column":57}},"2":{"start":{"line":8,"column":22},"end":{"line":8,"column":46}},"3":{"start":{"line":9,"column":2},"end":{"line":56,"column":4}},"4":{"start":{"line":13,"column":21},"end":{"line":56,"column":4}},"5":{"start":{"line":14,"column":32},"end":{"line":14,"column":57}},"6":{"start":{"line":15,"column":4},"end":{"line":15,"column":62}},"7":{"start":{"line":16,"column":4},"end":{"line":16,"column":59}},"8":{"start":{"line":18,"column":4},"end":{"line":27,"column":5}},"9":{"start":{"line":19,"column":6},"end":{"line":21,"column":8}},"10":{"start":{"line":22,"column":6},"end":{"line":26,"column":8}},"11":{"start":{"line":29,"column":18},"end":{"line":29,"column":51}},"12":{"start":{"line":30,"column":4},"end":{"line":30,"column":43}},"13":{"start":{"line":32,"column":4},"end":{"line":39,"column":5}},"14":{"start":{"line":33,"column":6},"end":{"line":33,"column":47}},"15":{"start":{"line":34,"column":6},"end":{"line":38,"column":8}},"16":{"start":{"line":41,"column":4},"end":{"line":55,"column":5}},"17":{"start":{"line":42,"column":21},"end":{"line":42,"column":39}},"18":{"start":{"line":43,"column":6},"end":{"line":43,"column":63}},"19":{"start":{"line":45,"column":19},"end":{"line":45,"column":54}},"20":{"start":{"line":46,"column":6},"end":{"line":49,"column":7}},"21":{"start":{"line":47,"column":8},"end":{"line":47,"column":51}},"22":{"start":{"line":48,"column":8},"end":{"line":48,"column":74}},"23":{"start":{"line":50,"column":6},"end":{"line":50,"column":22}},"24":{"start":{"line":51,"column":6},"end":{"line":51,"column":13}},"25":{"start":{"line":53,"column":6},"end":{"line":53,"column":56}},"26":{"start":{"line":54,"column":6},"end":{"line":54,"column":58}},"27":{"start":{"line":59,"column":9},"end":{"line":59,"column":23}}},"fnMap":{"0":{"name":"(anonymous_7)","decl":{"start":{"line":8,"column":2},"end":{"line":8,"column":22}},"loc":{"start":{"line":8,"column":46},"end":{"line":8,"column":50}}},"1":{"name":"(anonymous_8)","decl":{"start":{"line":9,"column":12},"end":{"line":9,"column":null}},"loc":{"start":{"line":13,"column":21},"end":{"line":56,"column":4}}},"2":{"name":"(anonymous_9)","decl":{"start":{"line":13,"column":21},"end":{"line":13,"column":null}},"loc":{"start":{"line":13,"column":21},"end":{"line":56,"column":3}}}},"branchMap":{"0":{"loc":{"start":{"line":18,"column":4},"end":{"line":27,"column":5}},"type":"if","locations":[{"start":{"line":18,"column":4},"end":{"line":27,"column":5}}]},"1":{"loc":{"start":{"line":18,"column":8},"end":{"line":18,"column":74}},"type":"binary-expr","locations":[{"start":{"line":18,"column":8},"end":{"line":18,"column":28}},{"start":{"line":18,"column":32},"end":{"line":18,"column":74}}]},"2":{"loc":{"start":{"line":32,"column":4},"end":{"line":39,"column":5}},"type":"if","locations":[{"start":{"line":32,"column":4},"end":{"line":39,"column":5}}]},"3":{"loc":{"start":{"line":32,"column":8},"end":{"line":32,"column":34}},"type":"binary-expr","locations":[{"start":{"line":32,"column":8},"end":{"line":32,"column":14}},{"start":{"line":32,"column":18},"end":{"line":32,"column":34}}]},"4":{"loc":{"start":{"line":46,"column":6},"end":{"line":49,"column":7}},"type":"if","locations":[{"start":{"line":46,"column":6},"end":{"line":49,"column":7}}]}},"s":{"0":2,"1":2,"2":4,"3":4,"4":0,"5":0,"6":0,"7":0,"8":0,"9":0,"10":0,"11":0,"12":0,"13":0,"14":0,"15":0,"16":0,"17":0,"18":0,"19":0,"20":0,"21":0,"22":0,"23":0,"24":0,"25":0,"26":0,"27":2},"f":{"0":4,"1":0,"2":0},"b":{"0":[0],"1":[0,0],"2":[0],"3":[0,0],"4":[0]}}
,"D:\\general-management-app\\src\\common\\middlewares\\global-error.middleware.ts": {"path":"D:\\general-management-app\\src\\common\\middlewares\\global-error.middleware.ts","statementMap":{"0":{"start":{"line":3,"column":0},"end":{"line":3,"column":58}},"1":{"start":{"line":5,"column":37},"end":{"line":18,"column":1}},"2":{"start":{"line":11,"column":2},"end":{"line":13,"column":3}},"3":{"start":{"line":12,"column":4},"end":{"line":12,"column":48}},"4":{"start":{"line":15,"column":19},"end":{"line":15,"column":47}},"5":{"start":{"line":17,"column":2},"end":{"line":17,"column":49}},"6":{"start":{"line":5,"column":13},"end":{"line":5,"column":37}}},"fnMap":{"0":{"name":"(anonymous_0)","decl":{"start":{"line":5,"column":37},"end":{"line":5,"column":null}},"loc":{"start":{"line":10,"column":4},"end":{"line":18,"column":1}}}},"branchMap":{"0":{"loc":{"start":{"line":11,"column":2},"end":{"line":13,"column":3}},"type":"if","locations":[{"start":{"line":11,"column":2},"end":{"line":13,"column":3}}]}},"s":{"0":2,"1":2,"2":3,"3":3,"4":0,"5":0,"6":2},"f":{"0":3},"b":{"0":[3]}}
,"D:\\general-management-app\\src\\common\\middlewares\\not-found.middleware.ts": {"path":"D:\\general-management-app\\src\\common\\middlewares\\not-found.middleware.ts","statementMap":{"0":{"start":{"line":1,"column":0},"end":{"line":1,"column":56}},"1":{"start":{"line":4,"column":0},"end":{"line":4,"column":52}},"2":{"start":{"line":5,"column":0},"end":{"line":5,"column":53}},"3":{"start":{"line":7,"column":13},"end":{"line":12,"column":2}},"4":{"start":{"line":8,"column":56},"end":{"line":11,"column":null}},"5":{"start":{"line":9,"column":23},"end":{"line":9,"column":70}},"6":{"start":{"line":10,"column":4},"end":{"line":10,"column":71}}},"fnMap":{"0":{"name":"(anonymous_8)","decl":{"start":{"line":8,"column":2},"end":{"line":8,"column":9}},"loc":{"start":{"line":8,"column":56},"end":{"line":11,"column":null}}},"1":{"name":"(anonymous_9)","decl":{"start":{"line":8,"column":56},"end":{"line":8,"column":null}},"loc":{"start":{"line":8,"column":56},"end":{"line":11,"column":3}}}},"branchMap":{},"s":{"0":2,"1":2,"2":2,"3":2,"4":2,"5":2,"6":2},"f":{"0":2,"1":2},"b":{}}
,"D:\\general-management-app\\src\\common\\middlewares\\rateLimit.middleware.ts": {"path":"D:\\general-management-app\\src\\common\\middlewares\\rateLimit.middleware.ts","statementMap":{"0":{"start":{"line":1,"column":0},"end":{"line":1,"column":43}},"1":{"start":{"line":3,"column":13},"end":{"line":7,"column":3}}},"fnMap":{},"branchMap":{},"s":{"0":2,"1":2},"f":{},"b":{}}
,"D:\\general-management-app\\src\\common\\middlewares\\validation.middleware.ts": {"path":"D:\\general-management-app\\src\\common\\middlewares\\validation.middleware.ts","statementMap":{"0":{"start":{"line":3,"column":0},"end":{"line":3,"column":47}},"1":{"start":{"line":4,"column":0},"end":{"line":4,"column":87}},"2":{"start":{"line":5,"column":0},"end":{"line":5,"column":48}},"3":{"start":{"line":6,"column":0},"end":{"line":6,"column":63}},"4":{"start":{"line":7,"column":0},"end":{"line":7,"column":44}},"5":{"start":{"line":10,"column":22},"end":{"line":10,"column":36}},"6":{"start":{"line":12,"column":2},"end":{"line":39,"column":4}},"7":{"start":{"line":12,"column":86},"end":{"line":39,"column":4}},"8":{"start":{"line":13,"column":4},"end":{"line":13,"column":44}},"9":{"start":{"line":14,"column":19},"end":{"line":14,"column":40}},"10":{"start":{"line":16,"column":4},"end":{"line":32,"column":5}},"11":{"start":{"line":17,"column":45},"end":{"line":20,"column":9}},"12":{"start":{"line":17,"column":76},"end":{"line":20,"column":8}},"13":{"start":{"line":21,"column":6},"end":{"line":26,"column":9}},"14":{"start":{"line":27,"column":6},"end":{"line":31,"column":9}},"15":{"start":{"line":34,"column":4},"end":{"line":34,"column":57}},"16":{"start":{"line":35,"column":4},"end":{"line":35,"column":59}},"17":{"start":{"line":36,"column":4},"end":{"line":36,"column":61}},"18":{"start":{"line":38,"column":4},"end":{"line":38,"column":11}},"19":{"start":{"line":9,"column":0},"end":{"line":9,"column":13}}},"fnMap":{"0":{"name":"(anonymous_7)","decl":{"start":{"line":10,"column":2},"end":{"line":10,"column":22}},"loc":{"start":{"line":10,"column":36},"end":{"line":10,"column":40}}},"1":{"name":"(anonymous_8)","decl":{"start":{"line":12,"column":12},"end":{"line":12,"column":19}},"loc":{"start":{"line":12,"column":86},"end":{"line":39,"column":4}}},"2":{"name":"(anonymous_9)","decl":{"start":{"line":12,"column":86},"end":{"line":12,"column":null}},"loc":{"start":{"line":12,"column":86},"end":{"line":39,"column":3}}},"3":{"name":"(anonymous_10)","decl":{"start":{"line":17,"column":64},"end":{"line":17,"column":65}},"loc":{"start":{"line":17,"column":76},"end":{"line":20,"column":8}}}},"branchMap":{"0":{"loc":{"start":{"line":16,"column":4},"end":{"line":32,"column":5}},"type":"if","locations":[{"start":{"line":16,"column":4},"end":{"line":32,"column":5}}]}},"s":{"0":8,"1":8,"2":8,"3":8,"4":8,"5":1,"6":1,"7":1,"8":1,"9":1,"10":1,"11":0,"12":0,"13":0,"14":0,"15":1,"16":1,"17":1,"18":1,"19":8},"f":{"0":1,"1":1,"2":1,"3":0},"b":{"0":[0]}}
,"D:\\general-management-app\\src\\common\\routers\\index.ts": {"path":"D:\\general-management-app\\src\\common\\routers\\index.ts","statementMap":{"0":{"start":{"line":1,"column":0},"end":{"line":1,"column":31}}},"fnMap":{},"branchMap":{},"s":{"0":2},"f":{},"b":{}}
,"D:\\general-management-app\\src\\common\\routers\\mount.router.ts": {"path":"D:\\general-management-app\\src\\common\\routers\\mount.router.ts","statementMap":{"0":{"start":{"line":1,"column":0},"end":{"line":1,"column":33}},"1":{"start":{"line":3,"column":0},"end":{"line":3,"column":48}},"2":{"start":{"line":4,"column":0},"end":{"line":4,"column":48}},"3":{"start":{"line":5,"column":0},"end":{"line":5,"column":55}},"4":{"start":{"line":8,"column":20},"end":{"line":8,"column":28}},"5":{"start":{"line":14,"column":9},"end":{"line":14,"column":20}},"6":{"start":{"line":10,"column":0},"end":{"line":10,"column":37}},"7":{"start":{"line":11,"column":0},"end":{"line":11,"column":38}},"8":{"start":{"line":12,"column":0},"end":{"line":12,"column":46}}},"fnMap":{},"branchMap":{},"s":{"0":2,"1":2,"2":2,"3":2,"4":2,"5":2,"6":2,"7":2,"8":2},"f":{},"b":{}}
,"D:\\general-management-app\\src\\common\\utils\\ApiError.ts": {"path":"D:\\general-management-app\\src\\common\\utils\\ApiError.ts","statementMap":{"0":{"start":{"line":6,"column":4},"end":{"line":6,"column":12}},"1":{"start":{"line":3,"column":11},"end":{"line":3,"column":42}},"2":{"start":{"line":4,"column":11},"end":{"line":4,"column":29}},"3":{"start":{"line":1,"column":0},"end":{"line":1,"column":13}}},"fnMap":{"0":{"name":"(anonymous_0)","decl":{"start":{"line":2,"column":2},"end":{"line":2,"column":null}},"loc":{"start":{"line":4,"column":29},"end":{"line":7,"column":3}}}},"branchMap":{},"s":{"0":0,"1":0,"2":0,"3":8},"f":{"0":0},"b":{}}
,"D:\\general-management-app\\src\\common\\utils\\api-response.ts": {"path":"D:\\general-management-app\\src\\common\\utils\\api-response.ts","statementMap":{"0":{"start":{"line":1,"column":0},"end":{"line":1,"column":65}},"1":{"start":{"line":3,"column":0},"end":{"line":3,"column":69}},"2":{"start":{"line":44,"column":4},"end":{"line":44,"column":44}},"3":{"start":{"line":45,"column":4},"end":{"line":45,"column":33}},"4":{"start":{"line":46,"column":4},"end":{"line":46,"column":41}},"5":{"start":{"line":47,"column":4},"end":{"line":47,"column":29}},"6":{"start":{"line":48,"column":4},"end":{"line":58,"column":5}},"7":{"start":{"line":49,"column":6},"end":{"line":57,"column":8}},"8":{"start":{"line":59,"column":4},"end":{"line":59,"column":21}},"9":{"start":{"line":26,"column":0},"end":{"line":26,"column":13}}},"fnMap":{"0":{"name":"(anonymous_0)","decl":{"start":{"line":33,"column":2},"end":{"line":33,"column":14}},"loc":{"start":{"line":43,"column":3},"end":{"line":60,"column":3}}}},"branchMap":{"0":{"loc":{"start":{"line":34,"column":4},"end":{"line":34,"column":31}},"type":"default-arg","locations":[{"start":{"line":34,"column":17},"end":{"line":34,"column":31}}]},"1":{"loc":{"start":{"line":48,"column":4},"end":{"line":58,"column":5}},"type":"if","locations":[{"start":{"line":48,"column":4},"end":{"line":58,"column":5}}]}},"s":{"0":8,"1":8,"2":4,"3":4,"4":4,"5":4,"6":4,"7":1,"8":4,"9":8},"f":{"0":4},"b":{"0":[0],"1":[1]}}
,"D:\\general-management-app\\src\\common\\utils\\async.ts": {"path":"D:\\general-management-app\\src\\common\\utils\\async.ts","statementMap":{"0":{"start":{"line":4,"column":2},"end":{"line":6,"column":3}},"1":{"start":{"line":4,"column":26},"end":{"line":6,"column":3}},"2":{"start":{"line":5,"column":4},"end":{"line":5,"column":52}},"3":{"start":{"line":3,"column":13},"end":{"line":3,"column":null}},"4":{"start":{"line":10,"column":2},"end":{"line":10,"column":47}},"5":{"start":{"line":12,"column":2},"end":{"line":24,"column":4}},"6":{"start":{"line":17,"column":15},"end":{"line":17,"column":26}},"7":{"start":{"line":18,"column":4},"end":{"line":18,"column":37}},"8":{"start":{"line":18,"column":23},"end":{"line":18,"column":37}},"9":{"start":{"line":19,"column":4},"end":{"line":23,"column":5}},"10":{"start":{"line":20,"column":6},"end":{"line":20,"column":31}},"11":{"start":{"line":22,"column":6},"end":{"line":22,"column":16}}},"fnMap":{"0":{"name":"(anonymous_8)","decl":{"start":{"line":4,"column":2},"end":{"line":4,"column":3}},"loc":{"start":{"line":4,"column":26},"end":{"line":6,"column":3}}},"1":{"name":"(anonymous_9)","decl":{"start":{"line":4,"column":26},"end":{"line":4,"column":27}},"loc":{"start":{"line":4,"column":78},"end":{"line":6,"column":3}}},"2":{"name":"handle","decl":{"start":{"line":12,"column":50},"end":{"line":12,"column":56}},"loc":{"start":{"line":15,"column":22},"end":{"line":24,"column":4}}}},"branchMap":{"0":{"loc":{"start":{"line":18,"column":4},"end":{"line":18,"column":37}},"type":"if","locations":[{"start":{"line":18,"column":4},"end":{"line":18,"column":37}}]}},"s":{"0":8,"1":81,"2":11,"3":8,"4":8,"5":8,"6":23,"7":23,"8":0,"9":23,"10":23,"11":0},"f":{"0":81,"1":11,"2":23},"b":{"0":[0]}}
,"D:\\general-management-app\\src\\common\\utils\\calculateAge.ts": {"path":"D:\\general-management-app\\src\\common\\utils\\calculateAge.ts","statementMap":{"0":{"start":{"line":1,"column":28},"end":{"line":5,"column":3}},"1":{"start":{"line":2,"column":21},"end":{"line":2,"column":53}},"2":{"start":{"line":3,"column":20},"end":{"line":3,"column":38}},"3":{"start":{"line":4,"column":4},"end":{"line":4,"column":53}},"4":{"start":{"line":1,"column":13},"end":{"line":1,"column":28}}},"fnMap":{"0":{"name":"(anonymous_0)","decl":{"start":{"line":1,"column":28},"end":{"line":1,"column":29}},"loc":{"start":{"line":1,"column":56},"end":{"line":5,"column":3}}}},"branchMap":{},"s":{"0":1,"1":1,"2":1,"3":1,"4":1},"f":{"0":1},"b":{}}
,"D:\\general-management-app\\src\\common\\utils\\config.ts": {"path":"D:\\general-management-app\\src\\common\\utils\\config.ts","statementMap":{"0":{"start":{"line":3,"column":0},"end":{"line":3,"column":46}},"1":{"start":{"line":5,"column":27},"end":{"line":20,"column":1}},"2":{"start":{"line":8,"column":27},"end":{"line":10,"column":18}},"3":{"start":{"line":12,"column":42},"end":{"line":12,"column":44}},"4":{"start":{"line":13,"column":2},"end":{"line":17,"column":3}},"5":{"start":{"line":14,"column":4},"end":{"line":16,"column":5}},"6":{"start":{"line":15,"column":6},"end":{"line":15,"column":55}},"7":{"start":{"line":19,"column":2},"end":{"line":19,"column":52}},"8":{"start":{"line":5,"column":13},"end":{"line":5,"column":27}}},"fnMap":{"0":{"name":"(anonymous_0)","decl":{"start":{"line":5,"column":27},"end":{"line":5,"column":null}},"loc":{"start":{"line":7,"column":64},"end":{"line":20,"column":1}}}},"branchMap":{"0":{"loc":{"start":{"line":14,"column":4},"end":{"line":16,"column":5}},"type":"if","locations":[{"start":{"line":14,"column":4},"end":{"line":16,"column":5}}]}},"s":{"0":8,"1":8,"2":16,"3":16,"4":16,"5":80,"6":80,"7":16,"8":8},"f":{"0":16},"b":{"0":[80]}}
,"D:\\general-management-app\\src\\common\\utils\\index.ts": {"path":"D:\\general-management-app\\src\\common\\utils\\index.ts","statementMap":{"0":{"start":{"line":1,"column":0},"end":{"line":1,"column":27}},"1":{"start":{"line":2,"column":0},"end":{"line":2,"column":31}},"2":{"start":{"line":3,"column":0},"end":{"line":3,"column":27}},"3":{"start":{"line":4,"column":0},"end":{"line":4,"column":24}},"4":{"start":{"line":5,"column":0},"end":{"line":5,"column":24}},"5":{"start":{"line":6,"column":0},"end":{"line":6,"column":25}},"6":{"start":{"line":7,"column":0},"end":{"line":7,"column":25}},"7":{"start":{"line":8,"column":0},"end":{"line":8,"column":31}},"8":{"start":{"line":9,"column":0},"end":{"line":9,"column":31}},"9":{"start":{"line":10,"column":0},"end":{"line":10,"column":54}},"10":{"start":{"line":11,"column":0},"end":{"line":11,"column":25}},"11":{"start":{"line":12,"column":0},"end":{"line":12,"column":23}},"12":{"start":{"line":13,"column":0},"end":{"line":13,"column":27}},"13":{"start":{"line":14,"column":0},"end":{"line":14,"column":26}}},"fnMap":{},"branchMap":{},"s":{"0":8,"1":8,"2":8,"3":8,"4":8,"5":8,"6":8,"7":8,"8":8,"9":8,"10":8,"11":8,"12":8,"13":8},"f":{},"b":{}}
,"D:\\general-management-app\\src\\common\\utils\\initialSetUp.ts": {"path":"D:\\general-management-app\\src\\common\\utils\\initialSetUp.ts","statementMap":{"0":{"start":{"line":1,"column":0},"end":{"line":1,"column":44}},"1":{"start":{"line":2,"column":0},"end":{"line":2,"column":38}},"2":{"start":{"line":3,"column":0},"end":{"line":3,"column":62}},"3":{"start":{"line":5,"column":20},"end":{"line":26,"column":2}},"4":{"start":{"line":5,"column":31},"end":{"line":26,"column":2}},"5":{"start":{"line":6,"column":22},"end":{"line":6,"column":39}},"6":{"start":{"line":7,"column":2},"end":{"line":25,"column":3}},"7":{"start":{"line":9,"column":17},"end":{"line":9,"column":76}},"8":{"start":{"line":11,"column":4},"end":{"line":22,"column":5}},"9":{"start":{"line":13,"column":6},"end":{"line":17,"column":9}},"10":{"start":{"line":19,"column":6},"end":{"line":19,"column":41}},"11":{"start":{"line":21,"column":6},"end":{"line":21,"column":48}},"12":{"start":{"line":24,"column":4},"end":{"line":24,"column":53}},"13":{"start":{"line":28,"column":9},"end":{"line":28,"column":20}}},"fnMap":{"0":{"name":"(anonymous_7)","decl":{"start":{"line":5,"column":20},"end":{"line":5,"column":29}},"loc":{"start":{"line":5,"column":31},"end":{"line":26,"column":2}}},"1":{"name":"(anonymous_8)","decl":{"start":{"line":5,"column":31},"end":{"line":5,"column":null}},"loc":{"start":{"line":5,"column":31},"end":{"line":26,"column":1}}}},"branchMap":{"0":{"loc":{"start":{"line":11,"column":4},"end":{"line":22,"column":5}},"type":"if","locations":[{"start":{"line":11,"column":4},"end":{"line":22,"column":5}},{"start":{"line":20,"column":11},"end":{"line":22,"column":5}}]}},"s":{"0":8,"1":8,"2":8,"3":8,"4":0,"5":0,"6":0,"7":0,"8":0,"9":0,"10":0,"11":0,"12":0,"13":8},"f":{"0":0,"1":0},"b":{"0":[0,0]}}
,"D:\\general-management-app\\src\\common\\utils\\logger.ts": {"path":"D:\\general-management-app\\src\\common\\utils\\logger.ts","statementMap":{"0":{"start":{"line":1,"column":0},"end":{"line":1,"column":30}},"1":{"start":{"line":2,"column":0},"end":{"line":2,"column":56}},"2":{"start":{"line":3,"column":0},"end":{"line":3,"column":24}},"3":{"start":{"line":4,"column":0},"end":{"line":4,"column":39}},"4":{"start":{"line":6,"column":31},"end":{"line":6,"column":55}},"5":{"start":{"line":7,"column":0},"end":{"line":9,"column":1}},"6":{"start":{"line":8,"column":2},"end":{"line":8,"column":63}},"7":{"start":{"line":11,"column":23},"end":{"line":14,"column":null}},"8":{"start":{"line":13,"column":4},"end":{"line":13,"column":78}},"9":{"start":{"line":18,"column":22},"end":{"line":18,"column":63}},"10":{"start":{"line":21,"column":13},"end":{"line":47,"column":3}},"11":{"start":{"line":49,"column":0},"end":{"line":49,"column":22}}},"fnMap":{"0":{"name":"(anonymous_1)","decl":{"start":{"line":12,"column":2},"end":{"line":12,"column":3}},"loc":{"start":{"line":12,"column":45},"end":{"line":14,"column":3}}}},"branchMap":{"0":{"loc":{"start":{"line":7,"column":0},"end":{"line":9,"column":1}},"type":"if","locations":[{"start":{"line":7,"column":0},"end":{"line":9,"column":1}}]},"1":{"loc":{"start":{"line":13,"column":38},"end":{"line":13,"column":62}},"type":"binary-expr","locations":[{"start":{"line":13,"column":38},"end":{"line":13,"column":45}},{"start":{"line":13,"column":49},"end":{"line":13,"column":62}}]}},"s":{"0":8,"1":8,"2":8,"3":8,"4":8,"5":8,"6":0,"7":8,"8":30,"9":8,"10":8,"11":8},"f":{"0":30},"b":{"0":[0],"1":[30,6]}}
,"D:\\general-management-app\\src\\common\\utils\\paginate.ts": {"path":"D:\\general-management-app\\src\\common\\utils\\paginate.ts","statementMap":{"0":{"start":{"line":1,"column":36},"end":{"line":12,"column":1}},"1":{"start":{"line":5,"column":21},"end":{"line":5,"column":42}},"2":{"start":{"line":6,"column":22},"end":{"line":6,"column":45}},"3":{"start":{"line":8,"column":22},"end":{"line":8,"column":53}},"4":{"start":{"line":9,"column":23},"end":{"line":9,"column":57}},"5":{"start":{"line":11,"column":2},"end":{"line":11,"column":39}},"6":{"start":{"line":1,"column":13},"end":{"line":1,"column":36}}},"fnMap":{"0":{"name":"(anonymous_0)","decl":{"start":{"line":1,"column":36},"end":{"line":1,"column":null}},"loc":{"start":{"line":4,"column":51},"end":{"line":12,"column":1}}}},"branchMap":{"0":{"loc":{"start":{"line":5,"column":30},"end":{"line":5,"column":41}},"type":"binary-expr","locations":[{"start":{"line":5,"column":30},"end":{"line":5,"column":34}},{"start":{"line":5,"column":38},"end":{"line":5,"column":41}}]},"1":{"loc":{"start":{"line":6,"column":31},"end":{"line":6,"column":44}},"type":"binary-expr","locations":[{"start":{"line":6,"column":31},"end":{"line":6,"column":36}},{"start":{"line":6,"column":40},"end":{"line":6,"column":44}}]},"2":{"loc":{"start":{"line":8,"column":22},"end":{"line":8,"column":53}},"type":"cond-expr","locations":[{"start":{"line":8,"column":39},"end":{"line":8,"column":49}},{"start":{"line":8,"column":52},"end":{"line":8,"column":53}}]},"3":{"loc":{"start":{"line":9,"column":23},"end":{"line":9,"column":57}},"type":"cond-expr","locations":[{"start":{"line":9,"column":41},"end":{"line":9,"column":52}},{"start":{"line":9,"column":55},"end":{"line":9,"column":57}}]}},"s":{"0":8,"1":1,"2":1,"3":1,"4":1,"5":1,"6":8},"f":{"0":1},"b":{"0":[1,1],"1":[1,1],"2":[1,0],"3":[1,0]}}
,"D:\\general-management-app\\src\\common\\utils\\password.ts": {"path":"D:\\general-management-app\\src\\common\\utils\\password.ts","statementMap":{"0":{"start":{"line":1,"column":0},"end":{"line":1,"column":41}},"1":{"start":{"line":2,"column":0},"end":{"line":2,"column":33}},"2":{"start":{"line":6,"column":17},"end":{"line":6,"column":63}},"3":{"start":{"line":7,"column":4},"end":{"line":7,"column":44}},"4":{"start":{"line":11,"column":4},"end":{"line":11,"column":47}},"5":{"start":{"line":4,"column":0},"end":{"line":4,"column":13}}},"fnMap":{"0":{"name":"(anonymous_6)","decl":{"start":{"line":5,"column":2},"end":{"line":5,"column":8}},"loc":{"start":{"line":5,"column":31},"end":{"line":8,"column":3}}},"1":{"name":"(anonymous_7)","decl":{"start":{"line":10,"column":2},"end":{"line":10,"column":8}},"loc":{"start":{"line":10,"column":48},"end":{"line":12,"column":3}}}},"branchMap":{},"s":{"0":8,"1":8,"2":2,"3":2,"4":0,"5":8},"f":{"0":2,"1":0},"b":{}}
,"D:\\general-management-app\\src\\common\\utils\\queryBuilder.ts": {"path":"D:\\general-management-app\\src\\common\\utils\\queryBuilder.ts","statementMap":{"0":{"start":{"line":2,"column":12},"end":{"line":2,"column":28}},"1":{"start":{"line":5,"column":6},"end":{"line":5,"column":62}},"2":{"start":{"line":6,"column":6},"end":{"line":6,"column":18}},"3":{"start":{"line":10,"column":6},"end":{"line":10,"column":56}},"4":{"start":{"line":11,"column":6},"end":{"line":11,"column":18}},"5":{"start":{"line":15,"column":6},"end":{"line":15,"column":31}},"6":{"start":{"line":16,"column":6},"end":{"line":16,"column":18}},"7":{"start":{"line":20,"column":6},"end":{"line":20,"column":24}},"8":{"start":{"line":1,"column":0},"end":{"line":1,"column":13}}},"fnMap":{"0":{"name":"(anonymous_0)","decl":{"start":{"line":1,"column":0},"end":{"line":1,"column":13}},"loc":{"start":{"line":1,"column":0},"end":{"line":22,"column":3}}},"1":{"name":"(anonymous_1)","decl":{"start":{"line":4,"column":4},"end":{"line":4,"column":13}},"loc":{"start":{"line":4,"column":28},"end":{"line":7,"column":5}}},"2":{"name":"(anonymous_2)","decl":{"start":{"line":9,"column":4},"end":{"line":9,"column":11}},"loc":{"start":{"line":9,"column":24},"end":{"line":12,"column":5}}},"3":{"name":"(anonymous_3)","decl":{"start":{"line":14,"column":4},"end":{"line":14,"column":12}},"loc":{"start":{"line":14,"column":26},"end":{"line":17,"column":5}}},"4":{"name":"(anonymous_4)","decl":{"start":{"line":19,"column":4},"end":{"line":19,"column":9}},"loc":{"start":{"line":19,"column":9},"end":{"line":21,"column":5}}}},"branchMap":{},"s":{"0":0,"1":0,"2":0,"3":0,"4":0,"5":0,"6":0,"7":0,"8":8},"f":{"0":0,"1":0,"2":0,"3":0,"4":0},"b":{}}
,"D:\\general-management-app\\src\\common\\utils\\search.ts": {"path":"D:\\general-management-app\\src\\common\\utils\\search.ts","statementMap":{"0":{"start":{"line":1,"column":0},"end":{"line":1,"column":50}},"1":{"start":{"line":3,"column":32},"end":{"line":16,"column":1}},"2":{"start":{"line":7,"column":2},"end":{"line":7,"column":32}},"3":{"start":{"line":7,"column":15},"end":{"line":7,"column":32}},"4":{"start":{"line":10,"column":27},"end":{"line":12,"column":30}},"5":{"start":{"line":10,"column":50},"end":{"line":12,"column":4}},"6":{"start":{"line":15,"column":2},"end":{"line":15,"column":68}},"7":{"start":{"line":3,"column":13},"end":{"line":3,"column":32}}},"fnMap":{"0":{"name":"(anonymous_0)","decl":{"start":{"line":3,"column":32},"end":{"line":3,"column":null}},"loc":{"start":{"line":6,"column":39},"end":{"line":16,"column":1}}},"1":{"name":"(anonymous_1)","decl":{"start":{"line":10,"column":38},"end":{"line":10,"column":39}},"loc":{"start":{"line":10,"column":50},"end":{"line":12,"column":4}}}},"branchMap":{"0":{"loc":{"start":{"line":7,"column":2},"end":{"line":7,"column":32}},"type":"if","locations":[{"start":{"line":7,"column":2},"end":{"line":7,"column":32}}]},"1":{"loc":{"start":{"line":15,"column":9},"end":{"line":15,"column":67}},"type":"cond-expr","locations":[{"start":{"line":15,"column":39},"end":{"line":15,"column":55}},{"start":{"line":15,"column":58},"end":{"line":15,"column":67}}]}},"s":{"0":8,"1":8,"2":1,"3":1,"4":0,"5":0,"6":0,"7":8},"f":{"0":1,"1":0},"b":{"0":[1],"1":[0,0]}}
,"D:\\general-management-app\\src\\common\\utils\\sort.ts": {"path":"D:\\general-management-app\\src\\common\\utils\\sort.ts","statementMap":{"0":{"start":{"line":3,"column":30},"end":{"line":24,"column":1}},"1":{"start":{"line":6,"column":2},"end":{"line":6,"column":30}},"2":{"start":{"line":6,"column":13},"end":{"line":6,"column":30}},"3":{"start":{"line":9,"column":20},"end":{"line":9,"column":35}},"4":{"start":{"line":11,"column":43},"end":{"line":21,"column":31}},"5":{"start":{"line":12,"column":27},"end":{"line":12,"column":69}},"6":{"start":{"line":15,"column":23},"end":{"line":15,"column":69}},"7":{"start":{"line":18,"column":4},"end":{"line":18,"column":34}},"8":{"start":{"line":20,"column":4},"end":{"line":20,"column":15}},"9":{"start":{"line":23,"column":2},"end":{"line":23,"column":21}},"10":{"start":{"line":3,"column":13},"end":{"line":3,"column":30}}},"fnMap":{"0":{"name":"(anonymous_0)","decl":{"start":{"line":3,"column":30},"end":{"line":3,"column":null}},"loc":{"start":{"line":5,"column":37},"end":{"line":24,"column":1}}},"1":{"name":"(anonymous_1)","decl":{"start":{"line":11,"column":60},"end":{"line":11,"column":61}},"loc":{"start":{"line":11,"column":80},"end":{"line":21,"column":3}}}},"branchMap":{"0":{"loc":{"start":{"line":6,"column":2},"end":{"line":6,"column":30}},"type":"if","locations":[{"start":{"line":6,"column":2},"end":{"line":6,"column":30}}]},"1":{"loc":{"start":{"line":15,"column":23},"end":{"line":15,"column":69}},"type":"cond-expr","locations":[{"start":{"line":15,"column":55},"end":{"line":15,"column":60}},{"start":{"line":15,"column":63},"end":{"line":15,"column":69}}]}},"s":{"0":8,"1":1,"2":1,"3":0,"4":0,"5":0,"6":0,"7":0,"8":0,"9":0,"10":8},"f":{"0":1,"1":0},"b":{"0":[1],"1":[0,0]}}
,"D:\\general-management-app\\src\\common\\utils\\swagger.ts": {"path":"D:\\general-management-app\\src\\common\\utils\\swagger.ts","statementMap":{"0":{"start":{"line":1,"column":0},"end":{"line":1,"column":41}},"1":{"start":{"line":2,"column":0},"end":{"line":2,"column":43}},"2":{"start":{"line":5,"column":23},"end":{"line":20,"column":2}},"3":{"start":{"line":22,"column":20},"end":{"line":22,"column":48}},"4":{"start":{"line":24,"column":28},"end":{"line":26,"column":1}},"5":{"start":{"line":25,"column":2},"end":{"line":25,"column":70}},"6":{"start":{"line":24,"column":13},"end":{"line":24,"column":28}}},"fnMap":{"0":{"name":"(anonymous_1)","decl":{"start":{"line":24,"column":28},"end":{"line":24,"column":29}},"loc":{"start":{"line":24,"column":55},"end":{"line":26,"column":1}}}},"branchMap":{},"s":{"0":8,"1":8,"2":8,"3":8,"4":8,"5":2,"6":8},"f":{"0":2},"b":{}}
,"D:\\general-management-app\\src\\common\\utils\\testHelpers.ts": {"path":"D:\\general-management-app\\src\\common\\utils\\testHelpers.ts","statementMap":{"0":{"start":{"line":3,"column":27},"end":{"line":8,"column":2}},"1":{"start":{"line":3,"column":66},"end":{"line":8,"column":2}},"2":{"start":{"line":3,"column":13},"end":{"line":3,"column":27}},"3":{"start":{"line":10,"column":28},"end":{"line":16,"column":1}},"4":{"start":{"line":11,"column":33},"end":{"line":11,"column":35}},"5":{"start":{"line":12,"column":2},"end":{"line":12,"column":46}},"6":{"start":{"line":13,"column":2},"end":{"line":13,"column":44}},"7":{"start":{"line":14,"column":2},"end":{"line":14,"column":44}},"8":{"start":{"line":15,"column":2},"end":{"line":15,"column":13}},"9":{"start":{"line":10,"column":13},"end":{"line":10,"column":28}},"10":{"start":{"line":18,"column":24},"end":{"line":20,"column":1}},"11":{"start":{"line":19,"column":2},"end":{"line":19,"column":35}},"12":{"start":{"line":18,"column":13},"end":{"line":18,"column":24}}},"fnMap":{"0":{"name":"(anonymous_0)","decl":{"start":{"line":3,"column":27},"end":{"line":3,"column":28}},"loc":{"start":{"line":3,"column":66},"end":{"line":8,"column":2}}},"1":{"name":"(anonymous_1)","decl":{"start":{"line":10,"column":28},"end":{"line":10,"column":50}},"loc":{"start":{"line":10,"column":52},"end":{"line":16,"column":1}}},"2":{"name":"(anonymous_2)","decl":{"start":{"line":18,"column":24},"end":{"line":18,"column":41}},"loc":{"start":{"line":18,"column":43},"end":{"line":20,"column":1}}}},"branchMap":{"0":{"loc":{"start":{"line":3,"column":28},"end":{"line":3,"column":42}},"type":"default-arg","locations":[{"start":{"line":3,"column":40},"end":{"line":3,"column":42}}]},"1":{"loc":{"start":{"line":4,"column":8},"end":{"line":4,"column":23}},"type":"binary-expr","locations":[{"start":{"line":4,"column":8},"end":{"line":4,"column":17}},{"start":{"line":4,"column":21},"end":{"line":4,"column":23}}]},"2":{"loc":{"start":{"line":5,"column":10},"end":{"line":5,"column":27}},"type":"binary-expr","locations":[{"start":{"line":5,"column":10},"end":{"line":5,"column":21}},{"start":{"line":5,"column":25},"end":{"line":5,"column":27}}]},"3":{"loc":{"start":{"line":6,"column":9},"end":{"line":6,"column":25}},"type":"binary-expr","locations":[{"start":{"line":6,"column":9},"end":{"line":6,"column":19}},{"start":{"line":6,"column":23},"end":{"line":6,"column":25}}]},"4":{"loc":{"start":{"line":7,"column":11},"end":{"line":7,"column":29}},"type":"binary-expr","locations":[{"start":{"line":7,"column":11},"end":{"line":7,"column":23}},{"start":{"line":7,"column":27},"end":{"line":7,"column":29}}]}},"s":{"0":3,"1":12,"2":3,"3":3,"4":12,"5":12,"6":12,"7":12,"8":12,"9":3,"10":3,"11":6,"12":3},"f":{"0":12,"1":12,"2":6},"b":{"0":[2],"1":[12,7],"2":[12,6],"3":[12,11],"4":[12,12]}}
,"D:\\general-management-app\\src\\common\\utils\\token.ts": {"path":"D:\\general-management-app\\src\\common\\utils\\token.ts","statementMap":{"0":{"start":{"line":19,"column":0},"end":{"line":19,"column":16}},"1":{"start":{"line":1,"column":0},"end":{"line":1,"column":52}},"2":{"start":{"line":2,"column":0},"end":{"line":2,"column":31}},"3":{"start":{"line":7,"column":29},"end":{"line":12,"column":1}},"4":{"start":{"line":8,"column":20},"end":{"line":8,"column":30}},"5":{"start":{"line":9,"column":2},"end":{"line":11,"column":5}},"6":{"start":{"line":7,"column":13},"end":{"line":7,"column":29}},"7":{"start":{"line":20,"column":20},"end":{"line":20,"column":62}},"8":{"start":{"line":22,"column":2},"end":{"line":27,"column":3}},"9":{"start":{"line":23,"column":20},"end":{"line":23,"column":48}},"10":{"start":{"line":24,"column":4},"end":{"line":24,"column":37}},"11":{"start":{"line":26,"column":4},"end":{"line":26,"column":37}}},"fnMap":{"0":{"name":"(anonymous_1)","decl":{"start":{"line":7,"column":29},"end":{"line":7,"column":30}},"loc":{"start":{"line":7,"column":71},"end":{"line":12,"column":1}}},"1":{"name":"verifyToken","decl":{"start":{"line":19,"column":16},"end":{"line":19,"column":27}},"loc":{"start":{"line":19,"column":41},"end":{"line":28,"column":1}}}},"branchMap":{"0":{"loc":{"start":{"line":20,"column":20},"end":{"line":20,"column":62}},"type":"binary-expr","locations":[{"start":{"line":20,"column":20},"end":{"line":20,"column":42}},{"start":{"line":20,"column":46},"end":{"line":20,"column":62}}]}},"s":{"0":8,"1":8,"2":8,"3":8,"4":1,"5":1,"6":8,"7":0,"8":0,"9":0,"10":0,"11":0},"f":{"0":1,"1":0},"b":{"0":[0,0]}}
,"D:\\general-management-app\\src\\common\\validation\\config.validation.ts": {"path":"D:\\general-management-app\\src\\common\\validation\\config.validation.ts","statementMap":{"0":{"start":{"line":1,"column":0},"end":{"line":1,"column":22}},"1":{"start":{"line":4,"column":13},"end":{"line":10,"column":17}}},"fnMap":{},"branchMap":{},"s":{"0":8,"1":8},"f":{},"b":{}}
,"D:\\general-management-app\\src\\common\\validation\\index.ts": {"path":"D:\\general-management-app\\src\\common\\validation\\index.ts","statementMap":{"0":{"start":{"line":1,"column":0},"end":{"line":1,"column":35}},"1":{"start":{"line":2,"column":0},"end":{"line":2,"column":44}},"2":{"start":{"line":3,"column":0},"end":{"line":3,"column":41}}},"fnMap":{},"branchMap":{},"s":{"0":8,"1":8,"2":8},"f":{},"b":{}}
,"D:\\general-management-app\\src\\common\\validation\\localizedString.validation.ts": {"path":"D:\\general-management-app\\src\\common\\validation\\localizedString.validation.ts","statementMap":{"0":{"start":{"line":3,"column":37},"end":{"line":42,"column":1}},"1":{"start":{"line":7,"column":25},"end":{"line":39,"column":4}},"2":{"start":{"line":13,"column":10},"end":{"line":13,"column":69}},"3":{"start":{"line":41,"column":2},"end":{"line":41,"column":16}},"4":{"start":{"line":3,"column":13},"end":{"line":3,"column":37}}},"fnMap":{"0":{"name":"(anonymous_0)","decl":{"start":{"line":3,"column":37},"end":{"line":3,"column":null}},"loc":{"start":{"line":6,"column":12},"end":{"line":42,"column":1}}},"1":{"name":"(anonymous_1)","decl":{"start":{"line":12,"column":17},"end":{"line":12,"column":18}},"loc":{"start":{"line":13,"column":10},"end":{"line":13,"column":69}}}},"branchMap":{"0":{"loc":{"start":{"line":10,"column":10},"end":{"line":10,"column":42}},"type":"binary-expr","locations":[{"start":{"line":10,"column":10},"end":{"line":10,"column":20}},{"start":{"line":10,"column":24},"end":{"line":10,"column":42}}]},"1":{"loc":{"start":{"line":13,"column":10},"end":{"line":13,"column":69}},"type":"binary-expr","locations":[{"start":{"line":13,"column":10},"end":{"line":13,"column":35}},{"start":{"line":13,"column":39},"end":{"line":13,"column":52}},{"start":{"line":13,"column":56},"end":{"line":13,"column":69}}]},"2":{"loc":{"start":{"line":19,"column":10},"end":{"line":19,"column":42}},"type":"binary-expr","locations":[{"start":{"line":19,"column":10},"end":{"line":19,"column":20}},{"start":{"line":19,"column":24},"end":{"line":19,"column":42}}]},"3":{"loc":{"start":{"line":30,"column":10},"end":{"line":30,"column":42}},"type":"binary-expr","locations":[{"start":{"line":30,"column":10},"end":{"line":30,"column":20}},{"start":{"line":30,"column":24},"end":{"line":30,"column":42}}]}},"s":{"0":8,"1":0,"2":0,"3":0,"4":8},"f":{"0":0,"1":0},"b":{"0":[0,0],"1":[0,0,0],"2":[0,0],"3":[0,0]}}
,"D:\\general-management-app\\src\\common\\validation\\makeOptional.validation.ts": {"path":"D:\\general-management-app\\src\\common\\validation\\makeOptional.validation.ts","statementMap":{"0":{"start":{"line":3,"column":28},"end":{"line":12,"column":3}},"1":{"start":{"line":4,"column":35},"end":{"line":4,"column":37}},"2":{"start":{"line":5,"column":4},"end":{"line":10,"column":5}},"3":{"start":{"line":6,"column":6},"end":{"line":9,"column":8}},"4":{"start":{"line":11,"column":4},"end":{"line":11,"column":26}},"5":{"start":{"line":3,"column":13},"end":{"line":3,"column":28}}},"fnMap":{"0":{"name":"(anonymous_0)","decl":{"start":{"line":3,"column":28},"end":{"line":3,"column":29}},"loc":{"start":{"line":3,"column":55},"end":{"line":12,"column":3}}}},"branchMap":{},"s":{"0":8,"1":0,"2":0,"3":0,"4":0,"5":8},"f":{"0":0},"b":{}}
,"D:\\general-management-app\\src\\data\\index.ts": {"path":"D:\\general-management-app\\src\\data\\index.ts","statementMap":{"0":{"start":{"line":1,"column":0},"end":{"line":1,"column":26}},"1":{"start":{"line":2,"column":0},"end":{"line":2,"column":23}}},"fnMap":{},"branchMap":{},"s":{"0":8,"1":8},"f":{},"b":{}}
,"D:\\general-management-app\\src\\data\\entities\\Resource.ts": {"path":"D:\\general-management-app\\src\\data\\entities\\Resource.ts","statementMap":{"0":{"start":{"line":1,"column":0},"end":{"line":1,"column":null}},"1":{"start":{"line":8,"column":2},"end":{"line":8,"column":47}},"2":{"start":{"line":11,"column":9},"end":{"line":30,"column":null}},"3":{"start":{"line":11,"column":15},"end":{"line":11,"column":23}},"4":{"start":{"line":13,"column":4},"end":{"line":13,"column":null}},"5":{"start":{"line":17,"column":4},"end":{"line":17,"column":null}},"6":{"start":{"line":20,"column":4},"end":{"line":20,"column":null}},"7":{"start":{"line":23,"column":4},"end":{"line":23,"column":null}},"8":{"start":{"line":26,"column":4},"end":{"line":26,"column":null}},"9":{"start":{"line":29,"column":4},"end":{"line":29,"column":null}},"10":{"start":{"line":11,"column":15},"end":{"line":30,"column":null}}},"fnMap":{},"branchMap":{},"s":{"0":8,"1":8,"2":8,"3":8,"4":8,"5":8,"6":8,"7":8,"8":8,"9":8,"10":8},"f":{},"b":{}}
,"D:\\general-management-app\\src\\data\\entities\\User.ts": {"path":"D:\\general-management-app\\src\\data\\entities\\User.ts","statementMap":{"0":{"start":{"line":1,"column":0},"end":{"line":1,"column":null}},"1":{"start":{"line":8,"column":2},"end":{"line":8,"column":56}},"2":{"start":{"line":11,"column":9},"end":{"line":32,"column":null}},"3":{"start":{"line":11,"column":15},"end":{"line":11,"column":19}},"4":{"start":{"line":13,"column":4},"end":{"line":13,"column":null}},"5":{"start":{"line":17,"column":4},"end":{"line":17,"column":null}},"6":{"start":{"line":21,"column":4},"end":{"line":21,"column":null}},"7":{"start":{"line":25,"column":4},"end":{"line":25,"column":null}},"8":{"start":{"line":28,"column":4},"end":{"line":28,"column":null}},"9":{"start":{"line":31,"column":4},"end":{"line":31,"column":null}},"10":{"start":{"line":11,"column":15},"end":{"line":32,"column":null}}},"fnMap":{},"branchMap":{},"s":{"0":8,"1":8,"2":8,"3":8,"4":8,"5":8,"6":8,"7":8,"8":8,"9":8,"10":8},"f":{},"b":{}}
,"D:\\general-management-app\\src\\data\\entities\\index.ts": {"path":"D:\\general-management-app\\src\\data\\entities\\index.ts","statementMap":{"0":{"start":{"line":1,"column":0},"end":{"line":1,"column":22}},"1":{"start":{"line":2,"column":0},"end":{"line":2,"column":26}}},"fnMap":{},"branchMap":{},"s":{"0":8,"1":8},"f":{},"b":{}}
,"D:\\general-management-app\\src\\data\\types\\index.ts": {"path":"D:\\general-management-app\\src\\data\\types\\index.ts","statementMap":{"0":{"start":{"line":1,"column":0},"end":{"line":1,"column":24}},"1":{"start":{"line":2,"column":0},"end":{"line":2,"column":29}}},"fnMap":{},"branchMap":{},"s":{"0":8,"1":8},"f":{},"b":{}}
,"D:\\general-management-app\\src\\data\\types\\enums\\index.ts": {"path":"D:\\general-management-app\\src\\data\\types\\enums\\index.ts","statementMap":{"0":{"start":{"line":1,"column":0},"end":{"line":1,"column":39}},"1":{"start":{"line":2,"column":0},"end":{"line":2,"column":36}},"2":{"start":{"line":3,"column":0},"end":{"line":3,"column":29}},"3":{"start":{"line":4,"column":0},"end":{"line":4,"column":28}}},"fnMap":{},"branchMap":{},"s":{"0":8,"1":8,"2":8,"3":8},"f":{},"b":{}}
,"D:\\general-management-app\\src\\data\\types\\enums\\message-type.enum.ts": {"path":"D:\\general-management-app\\src\\data\\types\\enums\\message-type.enum.ts","statementMap":{"0":{"start":{"line":1,"column":0},"end":{"line":1,"column":null}},"1":{"start":{"line":2,"column":2},"end":{"line":2,"column":null}},"2":{"start":{"line":3,"column":2},"end":{"line":3,"column":null}},"3":{"start":{"line":4,"column":2},"end":{"line":4,"column":null}},"4":{"start":{"line":5,"column":2},"end":{"line":5,"column":null}}},"fnMap":{"0":{"name":"(anonymous_0)","decl":{"start":{"line":1,"column":0},"end":{"line":1,"column":12}},"loc":{"start":{"line":1,"column":23},"end":{"line":6,"column":1}}}},"branchMap":{"0":{"loc":{"start":{"line":1,"column":12},"end":{"line":1,"column":null}},"type":"binary-expr","locations":[{"start":{"line":1,"column":12},"end":{"line":1,"column":23}},{"start":{"line":1,"column":23},"end":{"line":1,"column":null}}]}},"s":{"0":8,"1":8,"2":8,"3":8,"4":8},"f":{"0":8},"b":{"0":[8,8]}}
,"D:\\general-management-app\\src\\data\\types\\enums\\model.enum.ts": {"path":"D:\\general-management-app\\src\\data\\types\\enums\\model.enum.ts","statementMap":{"0":{"start":{"line":1,"column":0},"end":{"line":1,"column":null}},"1":{"start":{"line":2,"column":2},"end":{"line":2,"column":null}},"2":{"start":{"line":3,"column":2},"end":{"line":3,"column":null}},"3":{"start":{"line":4,"column":2},"end":{"line":4,"column":null}}},"fnMap":{"0":{"name":"(anonymous_0)","decl":{"start":{"line":1,"column":0},"end":{"line":1,"column":12}},"loc":{"start":{"line":1,"column":18},"end":{"line":5,"column":1}}}},"branchMap":{"0":{"loc":{"start":{"line":1,"column":12},"end":{"line":1,"column":null}},"type":"binary-expr","locations":[{"start":{"line":1,"column":12},"end":{"line":1,"column":18}},{"start":{"line":1,"column":18},"end":{"line":1,"column":null}}]}},"s":{"0":8,"1":8,"2":8,"3":8},"f":{"0":8},"b":{"0":[8,8]}}
,"D:\\general-management-app\\src\\data\\types\\enums\\response-status.enum.ts": {"path":"D:\\general-management-app\\src\\data\\types\\enums\\response-status.enum.ts","statementMap":{"0":{"start":{"line":1,"column":0},"end":{"line":1,"column":null}},"1":{"start":{"line":2,"column":2},"end":{"line":2,"column":null}},"2":{"start":{"line":3,"column":2},"end":{"line":3,"column":null}},"3":{"start":{"line":4,"column":2},"end":{"line":4,"column":null}}},"fnMap":{"0":{"name":"(anonymous_0)","decl":{"start":{"line":1,"column":0},"end":{"line":1,"column":12}},"loc":{"start":{"line":1,"column":26},"end":{"line":5,"column":1}}}},"branchMap":{"0":{"loc":{"start":{"line":1,"column":12},"end":{"line":1,"column":null}},"type":"binary-expr","locations":[{"start":{"line":1,"column":12},"end":{"line":1,"column":26}},{"start":{"line":1,"column":26},"end":{"line":1,"column":null}}]}},"s":{"0":8,"1":8,"2":8,"3":8},"f":{"0":8},"b":{"0":[8,8]}}
,"D:\\general-management-app\\src\\data\\types\\enums\\user.enum.ts": {"path":"D:\\general-management-app\\src\\data\\types\\enums\\user.enum.ts","statementMap":{"0":{"start":{"line":2,"column":0},"end":{"line":2,"column":null}},"1":{"start":{"line":3,"column":2},"end":{"line":3,"column":null}},"2":{"start":{"line":4,"column":2},"end":{"line":4,"column":null}},"3":{"start":{"line":7,"column":0},"end":{"line":7,"column":null}},"4":{"start":{"line":8,"column":2},"end":{"line":8,"column":null}},"5":{"start":{"line":9,"column":2},"end":{"line":9,"column":null}}},"fnMap":{"0":{"name":"(anonymous_0)","decl":{"start":{"line":2,"column":0},"end":{"line":2,"column":12}},"loc":{"start":{"line":2,"column":20},"end":{"line":5,"column":1}}},"1":{"name":"(anonymous_1)","decl":{"start":{"line":7,"column":0},"end":{"line":7,"column":12}},"loc":{"start":{"line":7,"column":22},"end":{"line":10,"column":1}}}},"branchMap":{"0":{"loc":{"start":{"line":2,"column":12},"end":{"line":2,"column":null}},"type":"binary-expr","locations":[{"start":{"line":2,"column":12},"end":{"line":2,"column":20}},{"start":{"line":2,"column":20},"end":{"line":2,"column":null}}]},"1":{"loc":{"start":{"line":7,"column":12},"end":{"line":7,"column":null}},"type":"binary-expr","locations":[{"start":{"line":7,"column":12},"end":{"line":7,"column":22}},{"start":{"line":7,"column":22},"end":{"line":7,"column":null}}]}},"s":{"0":8,"1":8,"2":8,"3":8,"4":8,"5":8},"f":{"0":8,"1":8},"b":{"0":[8,8],"1":[8,8]}}
,"D:\\general-management-app\\src\\data\\types\\interfaces\\index.ts": {"path":"D:\\general-management-app\\src\\data\\types\\interfaces\\index.ts","statementMap":{"0":{"start":{"line":1,"column":0},"end":{"line":1,"column":33}},"1":{"start":{"line":2,"column":0},"end":{"line":2,"column":39}},"2":{"start":{"line":3,"column":0},"end":{"line":3,"column":34}},"3":{"start":{"line":4,"column":0},"end":{"line":4,"column":35}},"4":{"start":{"line":5,"column":0},"end":{"line":5,"column":36}},"5":{"start":{"line":6,"column":0},"end":{"line":6,"column":32}},"6":{"start":{"line":7,"column":0},"end":{"line":7,"column":39}}},"fnMap":{},"branchMap":{},"s":{"0":8,"1":8,"2":8,"3":8,"4":8,"5":8,"6":8},"f":{},"b":{}}
,"D:\\general-management-app\\src\\modules\\auth\\auth.controller.ts": {"path":"D:\\general-management-app\\src\\modules\\auth\\auth.controller.ts","statementMap":{"0":{"start":{"line":2,"column":0},"end":{"line":2,"column":45}},"1":{"start":{"line":3,"column":0},"end":{"line":3,"column":63}},"2":{"start":{"line":4,"column":0},"end":{"line":4,"column":41}},"3":{"start":{"line":5,"column":0},"end":{"line":5,"column":48}},"4":{"start":{"line":13,"column":2},"end":{"line":25,"column":5}},"5":{"start":{"line":13,"column":64},"end":{"line":25,"column":4}},"6":{"start":{"line":14,"column":32},"end":{"line":14,"column":40}},"7":{"start":{"line":15,"column":20},"end":{"line":15,"column":69}},"8":{"start":{"line":16,"column":21},"end":{"line":22,"column":6}},"9":{"start":{"line":24,"column":4},"end":{"line":24,"column":51}},"10":{"start":{"line":27,"column":2},"end":{"line":43,"column":5}},"11":{"start":{"line":27,"column":61},"end":{"line":43,"column":4}},"12":{"start":{"line":28,"column":32},"end":{"line":28,"column":40}},"13":{"start":{"line":29,"column":28},"end":{"line":31,"column":null}},"14":{"start":{"line":34,"column":21},"end":{"line":40,"column":6}},"15":{"start":{"line":42,"column":4},"end":{"line":42,"column":51}},"16":{"start":{"line":10,"column":4},"end":{"line":10,"column":41}},"17":{"start":{"line":7,"column":0},"end":{"line":7,"column":13}}},"fnMap":{"0":{"name":"(anonymous_7)","decl":{"start":{"line":9,"column":2},"end":{"line":9,"column":null}},"loc":{"start":{"line":9,"column":2},"end":{"line":11,"column":3}}},"1":{"name":"(anonymous_8)","decl":{"start":{"line":13,"column":26},"end":{"line":13,"column":33}},"loc":{"start":{"line":13,"column":64},"end":{"line":25,"column":4}}},"2":{"name":"(anonymous_9)","decl":{"start":{"line":13,"column":64},"end":{"line":13,"column":null}},"loc":{"start":{"line":13,"column":64},"end":{"line":25,"column":3}}},"3":{"name":"(anonymous_10)","decl":{"start":{"line":27,"column":23},"end":{"line":27,"column":30}},"loc":{"start":{"line":27,"column":61},"end":{"line":43,"column":4}}},"4":{"name":"(anonymous_11)","decl":{"start":{"line":27,"column":61},"end":{"line":27,"column":null}},"loc":{"start":{"line":27,"column":61},"end":{"line":43,"column":3}}}},"branchMap":{},"s":{"0":3,"1":3,"2":3,"3":3,"4":3,"5":2,"6":2,"7":2,"8":1,"9":1,"10":3,"11":0,"12":0,"13":0,"14":0,"15":0,"16":3,"17":3},"f":{"0":3,"1":2,"2":2,"3":0,"4":0},"b":{}}
,"D:\\general-management-app\\src\\modules\\auth\\auth.router.ts": {"path":"D:\\general-management-app\\src\\modules\\auth\\auth.router.ts","statementMap":{"0":{"start":{"line":1,"column":0},"end":{"line":1,"column":33}},"1":{"start":{"line":2,"column":0},"end":{"line":2,"column":51}},"2":{"start":{"line":3,"column":0},"end":{"line":3,"column":51}},"3":{"start":{"line":7,"column":23},"end":{"line":7,"column":43}},"4":{"start":{"line":8,"column":19},"end":{"line":8,"column":27}},"5":{"start":{"line":15,"column":9},"end":{"line":15,"column":19}},"6":{"start":{"line":9,"column":23},"end":{"line":9,"column":43}},"7":{"start":{"line":11,"column":0},"end":{"line":11,"column":99}},"8":{"start":{"line":13,"column":0},"end":{"line":13,"column":90}}},"fnMap":{},"branchMap":{},"s":{"0":2,"1":2,"2":2,"3":2,"4":2,"5":2,"6":2,"7":2,"8":2},"f":{},"b":{}}
,"D:\\general-management-app\\src\\modules\\auth\\auth.service.ts": {"path":"D:\\general-management-app\\src\\modules\\auth\\auth.service.ts","statementMap":{"0":{"start":{"line":1,"column":0},"end":{"line":1,"column":null}},"1":{"start":{"line":7,"column":0},"end":{"line":7,"column":60}},"2":{"start":{"line":8,"column":0},"end":{"line":8,"column":44}},"3":{"start":{"line":9,"column":0},"end":{"line":9,"column":50}},"4":{"start":{"line":10,"column":0},"end":{"line":10,"column":37}},"5":{"start":{"line":13,"column":10},"end":{"line":13,"column":61}},"6":{"start":{"line":16,"column":4},"end":{"line":35,"column":5}},"7":{"start":{"line":17,"column":29},"end":{"line":17,"column":52}},"8":{"start":{"line":18,"column":19},"end":{"line":21,"column":8}},"9":{"start":{"line":23,"column":20},"end":{"line":25,"column":32}},"10":{"start":{"line":27,"column":6},"end":{"line":27,"column":50}},"11":{"start":{"line":30,"column":6},"end":{"line":30,"column":52}},"12":{"start":{"line":32,"column":6},"end":{"line":34,"column":9}},"13":{"start":{"line":42,"column":17},"end":{"line":42,"column":63}},"14":{"start":{"line":43,"column":4},"end":{"line":50,"column":5}},"15":{"start":{"line":44,"column":6},"end":{"line":49,"column":9}},"16":{"start":{"line":51,"column":18},"end":{"line":53,"column":30}},"17":{"start":{"line":54,"column":4},"end":{"line":54,"column":27}},"18":{"start":{"line":12,"column":0},"end":{"line":12,"column":13}}},"fnMap":{"0":{"name":"(anonymous_7)","decl":{"start":{"line":12,"column":0},"end":{"line":12,"column":13}},"loc":{"start":{"line":12,"column":0},"end":{"line":56,"column":1}}},"1":{"name":"(anonymous_8)","decl":{"start":{"line":15,"column":8},"end":{"line":15,"column":16}},"loc":{"start":{"line":15,"column":48},"end":{"line":36,"column":null}}},"2":{"name":"(anonymous_10)","decl":{"start":{"line":38,"column":8},"end":{"line":38,"column":13}},"loc":{"start":{"line":40,"column":20},"end":{"line":55,"column":null}}}},"branchMap":{"0":{"loc":{"start":{"line":24,"column":12},"end":{"line":24,"column":31}},"type":"cond-expr","locations":[{"start":{"line":24,"column":19},"end":{"line":24,"column":21}},{"start":{"line":24,"column":19},"end":{"line":24,"column":31}}]},"1":{"loc":{"start":{"line":24,"column":12},"end":{"line":24,"column":21}},"type":"binary-expr","locations":[{"start":{"line":24,"column":12},"end":{"line":24,"column":21}},{"start":{"line":24,"column":19},"end":{"line":24,"column":21}}]},"2":{"loc":{"start":{"line":43,"column":4},"end":{"line":50,"column":5}},"type":"if","locations":[{"start":{"line":43,"column":4},"end":{"line":50,"column":5}}]},"3":{"loc":{"start":{"line":43,"column":8},"end":{"line":43,"column":59}},"type":"binary-expr","locations":[{"start":{"line":43,"column":8},"end":{"line":43,"column":13}},{"start":{"line":43,"column":17},"end":{"line":43,"column":59}}]},"4":{"loc":{"start":{"line":52,"column":10},"end":{"line":52,"column":29}},"type":"cond-expr","locations":[{"start":{"line":52,"column":17},"end":{"line":52,"column":19}},{"start":{"line":52,"column":17},"end":{"line":52,"column":29}}]},"5":{"loc":{"start":{"line":52,"column":10},"end":{"line":52,"column":19}},"type":"binary-expr","locations":[{"start":{"line":52,"column":10},"end":{"line":52,"column":19}},{"start":{"line":52,"column":17},"end":{"line":52,"column":19}}]}},"s":{"0":4,"1":4,"2":4,"3":4,"4":4,"5":3,"6":2,"7":2,"8":2,"9":1,"10":0,"11":2,"12":2,"13":0,"14":0,"15":0,"16":0,"17":0,"18":4},"f":{"0":3,"1":2,"2":0},"b":{"0":[0,1],"1":[1,1],"2":[0],"3":[0,0],"4":[0,0],"5":[0,0]}}
,"D:\\general-management-app\\src\\modules\\auth\\auth.validation.ts": {"path":"D:\\general-management-app\\src\\modules\\auth\\auth.validation.ts","statementMap":{"0":{"start":{"line":1,"column":0},"end":{"line":1,"column":82}},"1":{"start":{"line":8,"column":4},"end":{"line":8,"column":85}},"2":{"start":{"line":9,"column":4},"end":{"line":9,"column":79}},"3":{"start":{"line":14,"column":4},"end":{"line":38,"column":6}},"4":{"start":{"line":43,"column":4},"end":{"line":67,"column":6}},"5":{"start":{"line":72,"column":33},"end":{"line":72,"column":80}},"6":{"start":{"line":73,"column":4},"end":{"line":73,"column":56}},"7":{"start":{"line":78,"column":4},"end":{"line":78,"column":80}},"8":{"start":{"line":5,"column":0},"end":{"line":5,"column":13}}},"fnMap":{"0":{"name":"(anonymous_0)","decl":{"start":{"line":7,"column":2},"end":{"line":7,"column":null}},"loc":{"start":{"line":7,"column":2},"end":{"line":10,"column":3}}},"1":{"name":"(anonymous_1)","decl":{"start":{"line":13,"column":10},"end":{"line":13,"column":24}},"loc":{"start":{"line":13,"column":24},"end":{"line":39,"column":3}}},"2":{"name":"(anonymous_2)","decl":{"start":{"line":42,"column":10},"end":{"line":42,"column":21}},"loc":{"start":{"line":42,"column":21},"end":{"line":68,"column":3}}},"3":{"name":"(anonymous_3)","decl":{"start":{"line":71,"column":9},"end":{"line":71,"column":37}},"loc":{"start":{"line":71,"column":85},"end":{"line":74,"column":3}}},"4":{"name":"(anonymous_4)","decl":{"start":{"line":77,"column":9},"end":{"line":77,"column":34}},"loc":{"start":{"line":77,"column":82},"end":{"line":79,"column":3}}}},"branchMap":{},"s":{"0":2,"1":2,"2":2,"3":1,"4":0,"5":1,"6":1,"7":0,"8":2},"f":{"0":2,"1":1,"2":0,"3":1,"4":0},"b":{}}
,"D:\\general-management-app\\src\\modules\\auth\\index.ts": {"path":"D:\\general-management-app\\src\\modules\\auth\\index.ts","statementMap":{"0":{"start":{"line":1,"column":0},"end":{"line":1,"column":33}},"1":{"start":{"line":2,"column":0},"end":{"line":2,"column":29}},"2":{"start":{"line":3,"column":0},"end":{"line":3,"column":30}}},"fnMap":{},"branchMap":{},"s":{"0":2,"1":2,"2":2},"f":{},"b":{}}
,"D:\\general-management-app\\src\\modules\\resource\\index.ts": {"path":"D:\\general-management-app\\src\\modules\\resource\\index.ts","statementMap":{"0":{"start":{"line":1,"column":0},"end":{"line":1,"column":37}},"1":{"start":{"line":2,"column":0},"end":{"line":2,"column":33}},"2":{"start":{"line":3,"column":0},"end":{"line":3,"column":34}}},"fnMap":{},"branchMap":{},"s":{"0":2,"1":2,"2":2},"f":{},"b":{}}
,"D:\\general-management-app\\src\\modules\\resource\\resource.controller.ts": {"path":"D:\\general-management-app\\src\\modules\\resource\\resource.controller.ts","statementMap":{"0":{"start":{"line":3,"column":0},"end":{"line":3,"column":60}},"1":{"start":{"line":4,"column":0},"end":{"line":4,"column":53}},"2":{"start":{"line":8,"column":4},"end":{"line":8,"column":45}},"3":{"start":{"line":11,"column":9},"end":{"line":20,"column":4}},"4":{"start":{"line":14,"column":21},"end":{"line":20,"column":4}},"5":{"start":{"line":15,"column":18},"end":{"line":15,"column":39}},"6":{"start":{"line":16,"column":22},"end":{"line":17,"column":null}},"7":{"start":{"line":19,"column":4},"end":{"line":19,"column":24}},"8":{"start":{"line":6,"column":0},"end":{"line":6,"column":13}}},"fnMap":{"0":{"name":"(anonymous_7)","decl":{"start":{"line":7,"column":2},"end":{"line":7,"column":null}},"loc":{"start":{"line":7,"column":2},"end":{"line":9,"column":3}}},"1":{"name":"(anonymous_8)","decl":{"start":{"line":11,"column":27},"end":{"line":11,"column":null}},"loc":{"start":{"line":14,"column":21},"end":{"line":20,"column":4}}},"2":{"name":"(anonymous_9)","decl":{"start":{"line":14,"column":21},"end":{"line":14,"column":null}},"loc":{"start":{"line":14,"column":21},"end":{"line":20,"column":3}}}},"branchMap":{},"s":{"0":3,"1":3,"2":8,"3":8,"4":1,"5":1,"6":1,"7":1,"8":3},"f":{"0":8,"1":1,"2":1},"b":{}}
,"D:\\general-management-app\\src\\modules\\resource\\resource.router.ts": {"path":"D:\\general-management-app\\src\\modules\\resource\\resource.router.ts","statementMap":{"0":{"start":{"line":1,"column":0},"end":{"line":1,"column":33}},"1":{"start":{"line":2,"column":0},"end":{"line":2,"column":59}},"2":{"start":{"line":3,"column":0},"end":{"line":3,"column":59}},"3":{"start":{"line":4,"column":0},"end":{"line":4,"column":38}},"4":{"start":{"line":5,"column":0},"end":{"line":5,"column":38}},"5":{"start":{"line":6,"column":0},"end":{"line":6,"column":59}},"6":{"start":{"line":8,"column":20},"end":{"line":8,"column":37}},"7":{"start":{"line":9,"column":26},"end":{"line":9,"column":60}},"8":{"start":{"line":10,"column":27},"end":{"line":10,"column":51}},"9":{"start":{"line":11,"column":23},"end":{"line":11,"column":63}},"10":{"start":{"line":12,"column":31},"end":{"line":13,"column":null}},"11":{"start":{"line":17,"column":27},"end":{"line":17,"column":51}},"12":{"start":{"line":19,"column":23},"end":{"line":19,"column":31}},"13":{"start":{"line":64,"column":9},"end":{"line":64,"column":23}},"14":{"start":{"line":21,"column":0},"end":{"line":26,"column":2}},"15":{"start":{"line":28,"column":0},"end":{"line":34,"column":2}},"16":{"start":{"line":36,"column":0},"end":{"line":38,"column":59}},"17":{"start":{"line":40,"column":0},"end":{"line":46,"column":4}},"18":{"start":{"line":48,"column":0},"end":{"line":54,"column":2}},"19":{"start":{"line":56,"column":0},"end":{"line":62,"column":2}}},"fnMap":{},"branchMap":{},"s":{"0":2,"1":2,"2":2,"3":2,"4":2,"5":2,"6":2,"7":2,"8":2,"9":2,"10":2,"11":2,"12":2,"13":2,"14":2,"15":2,"16":2,"17":2,"18":2,"19":2},"f":{},"b":{}}
,"D:\\general-management-app\\src\\modules\\resource\\resource.service.ts": {"path":"D:\\general-management-app\\src\\modules\\resource\\resource.service.ts","statementMap":{"0":{"start":{"line":1,"column":0},"end":{"line":1,"column":64}},"1":{"start":{"line":2,"column":0},"end":{"line":2,"column":56}},"2":{"start":{"line":3,"column":0},"end":{"line":3,"column":54}},"3":{"start":{"line":4,"column":0},"end":{"line":4,"column":50}},"4":{"start":{"line":9,"column":4},"end":{"line":9,"column":49}},"5":{"start":{"line":12,"column":4},"end":{"line":12,"column":34}},"6":{"start":{"line":16,"column":26},"end":{"line":19,"column":6}},"7":{"start":{"line":22,"column":4},"end":{"line":24,"column":7}},"8":{"start":{"line":6,"column":0},"end":{"line":6,"column":13}}},"fnMap":{"0":{"name":"(anonymous_7)","decl":{"start":{"line":7,"column":2},"end":{"line":7,"column":null}},"loc":{"start":{"line":7,"column":2},"end":{"line":10,"column":3}}},"1":{"name":"(anonymous_8)","decl":{"start":{"line":11,"column":8},"end":{"line":11,"column":20}},"loc":{"start":{"line":11,"column":20},"end":{"line":13,"column":null}}},"2":{"name":"(anonymous_10)","decl":{"start":{"line":15,"column":8},"end":{"line":15,"column":23}},"loc":{"start":{"line":15,"column":37},"end":{"line":25,"column":null}}}},"branchMap":{},"s":{"0":3,"1":3,"2":3,"3":3,"4":8,"5":0,"6":0,"7":0,"8":3},"f":{"0":8,"1":0,"2":0},"b":{}}
,"D:\\general-management-app\\src\\modules\\resource\\resource.validatoin.ts": {"path":"D:\\general-management-app\\src\\modules\\resource\\resource.validatoin.ts","statementMap":{"0":{"start":{"line":2,"column":0},"end":{"line":2,"column":40}},"1":{"start":{"line":3,"column":0},"end":{"line":3,"column":46}},"2":{"start":{"line":7,"column":4},"end":{"line":7,"column":12}},"3":{"start":{"line":12,"column":4},"end":{"line":15,"column":null}},"4":{"start":{"line":21,"column":4},"end":{"line":21,"column":53}},"5":{"start":{"line":26,"column":4},"end":{"line":26,"column":66}},"6":{"start":{"line":31,"column":4},"end":{"line":43,"column":6}},"7":{"start":{"line":48,"column":4},"end":{"line":48,"column":39}},"8":{"start":{"line":53,"column":4},"end":{"line":56,"column":7}},"9":{"start":{"line":5,"column":0},"end":{"line":5,"column":13}}},"fnMap":{"0":{"name":"(anonymous_0)","decl":{"start":{"line":6,"column":2},"end":{"line":6,"column":null}},"loc":{"start":{"line":6,"column":2},"end":{"line":8,"column":3}}},"1":{"name":"(anonymous_1)","decl":{"start":{"line":11,"column":10},"end":{"line":11,"column":30}},"loc":{"start":{"line":11,"column":30},"end":{"line":17,"column":3}}},"2":{"name":"(anonymous_2)","decl":{"start":{"line":20,"column":10},"end":{"line":20,"column":31}},"loc":{"start":{"line":20,"column":31},"end":{"line":22,"column":3}}},"3":{"name":"(anonymous_3)","decl":{"start":{"line":25,"column":10},"end":{"line":25,"column":38}},"loc":{"start":{"line":25,"column":38},"end":{"line":27,"column":3}}},"4":{"name":"(anonymous_4)","decl":{"start":{"line":30,"column":10},"end":{"line":30,"column":33}},"loc":{"start":{"line":30,"column":33},"end":{"line":44,"column":3}}},"5":{"name":"(anonymous_5)","decl":{"start":{"line":47,"column":12},"end":{"line":47,"column":31}},"loc":{"start":{"line":47,"column":31},"end":{"line":49,"column":3}}},"6":{"name":"(anonymous_6)","decl":{"start":{"line":52,"column":12},"end":{"line":52,"column":31}},"loc":{"start":{"line":52,"column":31},"end":{"line":57,"column":3}}}},"branchMap":{},"s":{"0":2,"1":2,"2":2,"3":0,"4":0,"5":0,"6":0,"7":0,"8":0,"9":2},"f":{"0":2,"1":0,"2":0,"3":0,"4":0,"5":0,"6":0},"b":{}}
,"D:\\general-management-app\\src\\modules\\user\\index.ts": {"path":"D:\\general-management-app\\src\\modules\\user\\index.ts","statementMap":{"0":{"start":{"line":1,"column":0},"end":{"line":1,"column":33}},"1":{"start":{"line":2,"column":0},"end":{"line":2,"column":29}},"2":{"start":{"line":3,"column":0},"end":{"line":3,"column":30}},"3":{"start":{"line":4,"column":0},"end":{"line":4,"column":33}}},"fnMap":{},"branchMap":{},"s":{"0":2,"1":2,"2":2,"3":2},"f":{},"b":{}}
,"D:\\general-management-app\\src\\modules\\user\\user.controller.ts": {"path":"D:\\general-management-app\\src\\modules\\user\\user.controller.ts","statementMap":{"0":{"start":{"line":1,"column":0},"end":{"line":1,"column":45}},"1":{"start":{"line":2,"column":0},"end":{"line":2,"column":42}},"2":{"start":{"line":4,"column":0},"end":{"line":4,"column":44}},"3":{"start":{"line":8,"column":4},"end":{"line":8,"column":41}},"4":{"start":{"line":13,"column":4},"end":{"line":13,"column":29}},"5":{"start":{"line":6,"column":0},"end":{"line":6,"column":13}}},"fnMap":{"0":{"name":"(anonymous_0)","decl":{"start":{"line":7,"column":2},"end":{"line":7,"column":null}},"loc":{"start":{"line":7,"column":2},"end":{"line":9,"column":3}}},"1":{"name":"(anonymous_1)","decl":{"start":{"line":12,"column":12},"end":{"line":12,"column":30}},"loc":{"start":{"line":12,"column":30},"end":{"line":14,"column":3}}}},"branchMap":{},"s":{"0":3,"1":3,"2":3,"3":7,"4":0,"5":3},"f":{"0":7,"1":0},"b":{}}
,"D:\\general-management-app\\src\\modules\\user\\user.router.ts": {"path":"D:\\general-management-app\\src\\modules\\user\\user.router.ts","statementMap":{"0":{"start":{"line":1,"column":0},"end":{"line":1,"column":33}},"1":{"start":{"line":3,"column":0},"end":{"line":3,"column":51}},"2":{"start":{"line":4,"column":0},"end":{"line":4,"column":59}},"3":{"start":{"line":5,"column":0},"end":{"line":5,"column":44}},"4":{"start":{"line":6,"column":0},"end":{"line":6,"column":45}},"5":{"start":{"line":7,"column":0},"end":{"line":7,"column":51}},"6":{"start":{"line":9,"column":19},"end":{"line":9,"column":27}},"7":{"start":{"line":59,"column":9},"end":{"line":59,"column":19}},"8":{"start":{"line":10,"column":23},"end":{"line":10,"column":43}},"9":{"start":{"line":13,"column":20},"end":{"line":13,"column":37}},"10":{"start":{"line":14,"column":26},"end":{"line":14,"column":60}},"11":{"start":{"line":16,"column":23},"end":{"line":16,"column":63}},"12":{"start":{"line":17,"column":31},"end":{"line":18,"column":null}},"13":{"start":{"line":21,"column":23},"end":{"line":21,"column":43}},"14":{"start":{"line":23,"column":0},"end":{"line":36,"column":4}},"15":{"start":{"line":38,"column":0},"end":{"line":57,"column":4}}},"fnMap":{},"branchMap":{},"s":{"0":2,"1":2,"2":2,"3":2,"4":2,"5":2,"6":2,"7":2,"8":2,"9":2,"10":2,"11":2,"12":2,"13":2,"14":2,"15":2},"f":{},"b":{}}
,"D:\\general-management-app\\src\\modules\\user\\user.service.ts": {"path":"D:\\general-management-app\\src\\modules\\user\\user.service.ts","statementMap":{"0":{"start":{"line":1,"column":0},"end":{"line":1,"column":64}},"1":{"start":{"line":2,"column":0},"end":{"line":2,"column":48}},"2":{"start":{"line":3,"column":0},"end":{"line":3,"column":41}},"3":{"start":{"line":10,"column":4},"end":{"line":10,"column":45}},"4":{"start":{"line":7,"column":0},"end":{"line":7,"column":13}}},"fnMap":{"0":{"name":"(anonymous_0)","decl":{"start":{"line":9,"column":2},"end":{"line":9,"column":null}},"loc":{"start":{"line":9,"column":2},"end":{"line":11,"column":3}}}},"branchMap":{},"s":{"0":8,"1":8,"2":8,"3":13,"4":8},"f":{"0":13},"b":{}}
,"D:\\general-management-app\\src\\modules\\user\\user.validation.ts": {"path":"D:\\general-management-app\\src\\modules\\user\\user.validation.ts","statementMap":{"0":{"start":{"line":2,"column":0},"end":{"line":2,"column":40}},"1":{"start":{"line":3,"column":0},"end":{"line":3,"column":46}},"2":{"start":{"line":7,"column":4},"end":{"line":7,"column":12}},"3":{"start":{"line":12,"column":4},"end":{"line":15,"column":null}},"4":{"start":{"line":21,"column":4},"end":{"line":32,"column":6}},"5":{"start":{"line":37,"column":4},"end":{"line":51,"column":6}},"6":{"start":{"line":56,"column":4},"end":{"line":68,"column":6}},"7":{"start":{"line":73,"column":4},"end":{"line":73,"column":35}},"8":{"start":{"line":78,"column":4},"end":{"line":81,"column":7}},"9":{"start":{"line":5,"column":0},"end":{"line":5,"column":13}}},"fnMap":{"0":{"name":"(anonymous_0)","decl":{"start":{"line":6,"column":2},"end":{"line":6,"column":null}},"loc":{"start":{"line":6,"column":2},"end":{"line":8,"column":3}}},"1":{"name":"(anonymous_1)","decl":{"start":{"line":11,"column":10},"end":{"line":11,"column":26}},"loc":{"start":{"line":11,"column":26},"end":{"line":17,"column":3}}},"2":{"name":"(anonymous_2)","decl":{"start":{"line":20,"column":10},"end":{"line":20,"column":28}},"loc":{"start":{"line":20,"column":28},"end":{"line":33,"column":3}}},"3":{"name":"(anonymous_3)","decl":{"start":{"line":36,"column":10},"end":{"line":36,"column":31}},"loc":{"start":{"line":36,"column":31},"end":{"line":52,"column":3}}},"4":{"name":"(anonymous_4)","decl":{"start":{"line":55,"column":10},"end":{"line":55,"column":27}},"loc":{"start":{"line":55,"column":27},"end":{"line":69,"column":3}}},"5":{"name":"(anonymous_5)","decl":{"start":{"line":72,"column":12},"end":{"line":72,"column":31}},"loc":{"start":{"line":72,"column":31},"end":{"line":74,"column":3}}},"6":{"name":"(anonymous_6)","decl":{"start":{"line":77,"column":12},"end":{"line":77,"column":31}},"loc":{"start":{"line":77,"column":31},"end":{"line":82,"column":3}}}},"branchMap":{},"s":{"0":2,"1":2,"2":2,"3":0,"4":0,"5":0,"6":0,"7":0,"8":0,"9":2},"f":{"0":2,"1":0,"2":0,"3":0,"4":0,"5":0,"6":0},"b":{}}
}
