TN:
SF:src\app.ts
FN:32,(anonymous_8)
FN:32,(anonymous_9)
FN:34,(anonymous_10)
FN:39,(anonymous_11)
FNF:4
FNH:0
FNDA:0,(anonymous_8)
FNDA:0,(anonymous_9)
FNDA:0,(anonymous_10)
FNDA:0,(anonymous_11)
DA:1,2
DA:2,2
DA:4,2
DA:6,2
DA:7,2
DA:9,2
DA:10,2
DA:11,2
DA:12,2
DA:13,2
DA:14,2
DA:15,2
DA:17,2
DA:19,2
DA:20,2
DA:21,2
DA:23,2
DA:24,2
DA:27,2
DA:28,2
DA:31,2
DA:32,0
DA:33,0
DA:34,0
DA:37,0
DA:40,0
DA:43,2
LF:27
LH:22
BRF:0
BRH:0
end_of_record
TN:
SF:src\base\base.controller.ts
FN:13,(anonymous_7)
FN:18,(anonymous_8)
FN:18,(anonymous_9)
FN:33,(anonymous_10)
FN:33,(anonymous_11)
FN:50,(anonymous_12)
FN:50,(anonymous_13)
FN:71,(anonymous_14)
FN:71,(anonymous_15)
FN:93,(anonymous_16)
FN:93,(anonymous_17)
FNF:11
FNH:11
FNDA:15,(anonymous_7)
FNDA:2,(anonymous_8)
FNDA:2,(anonymous_9)
FNDA:2,(anonymous_10)
FNDA:2,(anonymous_11)
FNDA:2,(anonymous_12)
FNDA:2,(anonymous_13)
FNDA:2,(anonymous_14)
FNDA:2,(anonymous_15)
FNDA:1,(anonymous_16)
FNDA:1,(anonymous_17)
DA:2,8
DA:4,8
DA:5,8
DA:6,8
DA:9,8
DA:14,15
DA:15,15
DA:18,15
DA:19,2
DA:20,1
DA:30,1
DA:33,15
DA:34,2
DA:35,2
DA:36,1
DA:47,1
DA:50,15
DA:51,2
DA:52,2
DA:53,0
DA:54,0
DA:58,0
DA:68,0
DA:71,15
DA:72,2
DA:73,2
DA:74,2
DA:75,1
DA:76,0
DA:80,1
DA:90,1
DA:93,15
DA:94,1
DA:95,1
DA:96,0
DA:97,0
DA:101,0
DA:111,0
LF:38
LH:29
BRDA:34,0,0,2
BRDA:34,0,1,0
BRDA:53,1,0,0
BRDA:75,2,0,0
BRDA:96,3,0,0
BRF:5
BRH:1
end_of_record
TN:
SF:src\base\base.service.ts
FN:13,(anonymous_7)
FN:17,(anonymous_8)
FN:55,(anonymous_10)
FN:59,(anonymous_12)
FN:63,(anonymous_14)
FN:68,(anonymous_16)
FN:73,(anonymous_18)
FNF:7
FNH:6
FNDA:21,(anonymous_7)
FNDA:1,(anonymous_8)
FNDA:0,(anonymous_10)
FNDA:3,(anonymous_12)
FNDA:1,(anonymous_14)
FNDA:1,(anonymous_16)
FNDA:1,(anonymous_18)
DA:1,8
DA:10,8
DA:14,21
DA:18,1
DA:20,1
DA:24,1
DA:25,1
DA:30,1
DA:37,1
DA:39,0
DA:49,0
DA:56,0
DA:60,3
DA:64,1
DA:65,0
DA:69,1
DA:70,0
DA:74,1
DA:75,0
DA:76,0
DA:78,0
LF:21
LH:13
BRDA:75,0,0,0
BRF:1
BRH:0
end_of_record
TN:
SF:src\base\base.validation.ts
FN:58,(anonymous_0)
FN:62,(anonymous_1)
FN:77,(anonymous_2)
FN:83,(anonymous_3)
FN:89,(anonymous_4)
FN:93,(anonymous_5)
FN:101,(anonymous_6)
FN:105,(anonymous_7)
FN:109,(anonymous_8)
FN:113,(anonymous_9)
FN:117,(anonymous_10)
FN:52,(anonymous_11)
FN:53,(anonymous_12)
FN:54,(anonymous_13)
FN:55,(anonymous_14)
FNF:15
FNH:1
FNDA:0,(anonymous_0)
FNDA:0,(anonymous_1)
FNDA:0,(anonymous_2)
FNDA:0,(anonymous_3)
FNDA:0,(anonymous_4)
FNDA:4,(anonymous_5)
FNDA:0,(anonymous_6)
FNDA:0,(anonymous_7)
FNDA:0,(anonymous_8)
FNDA:0,(anonymous_9)
FNDA:0,(anonymous_10)
FNDA:0,(anonymous_11)
FNDA:0,(anonymous_12)
FNDA:0,(anonymous_13)
FNDA:0,(anonymous_14)
DA:3,8
DA:5,8
DA:6,4
DA:17,4
DA:51,8
DA:52,0
DA:53,0
DA:54,0
DA:55,0
DA:59,0
DA:66,0
DA:78,0
DA:84,0
DA:90,0
DA:94,4
DA:95,4
DA:96,4
DA:97,4
DA:98,4
DA:102,0
DA:106,0
DA:110,0
DA:114,0
DA:118,0
LF:24
LH:10
BRDA:64,0,0,0
BRDA:72,1,0,0
BRDA:72,1,1,0
BRF:3
BRH:0
end_of_record
TN:
SF:src\base\index.ts
FNF:0
FNH:0
DA:1,8
DA:2,8
DA:3,8
DA:4,8
LF:4
LH:4
BRF:0
BRH:0
end_of_record
TN:
SF:src\common\config\config.ts
FN:9,(anonymous_1)
FN:11,(anonymous_2)
FNF:2
FNH:1
FNDA:0,(anonymous_1)
FNDA:8,(anonymous_2)
DA:3,8
DA:4,8
DA:12,8
DA:13,8
DA:14,8
DA:15,0
DA:18,0
DA:21,8
DA:23,8
DA:25,8
DA:29,8
LF:11
LH:9
BRDA:12,0,0,8
BRDA:14,1,0,0
BRF:2
BRH:1
end_of_record
TN:
SF:src\common\config\data-source.ts
FNF:0
FNH:0
DA:1,7
DA:2,7
DA:3,7
DA:5,7
LF:4
LH:4
BRF:0
BRH:0
end_of_record
TN:
SF:src\common\config\index.ts
FNF:0
FNH:0
DA:1,8
LF:1
LH:1
BRF:0
BRH:0
end_of_record
TN:
SF:src\common\errors\api.error.ts
FN:16,(anonymous_0)
FNF:1
FNH:1
FNDA:4,(anonymous_0)
DA:1,8
DA:11,8
DA:17,4
DA:18,4
DA:19,4
DA:20,4
DA:21,4
DA:22,4
DA:23,4
LF:9
LH:9
BRF:0
BRH:0
end_of_record
TN:
SF:src\common\errors\bad-request.error.ts
FN:8,(anonymous_0)
FNF:1
FNH:1
FNDA:2,(anonymous_0)
DA:1,8
DA:3,8
DA:5,8
DA:7,8
DA:9,2
LF:5
LH:5
BRF:0
BRH:0
end_of_record
TN:
SF:src\common\errors\index.ts
FNF:0
FNH:0
DA:1,8
DA:2,8
DA:3,8
DA:4,8
DA:5,8
DA:6,8
DA:7,8
LF:7
LH:7
BRF:0
BRH:0
end_of_record
TN:
SF:src\common\errors\internal.error.ts
FN:8,(anonymous_0)
FNF:1
FNH:0
FNDA:0,(anonymous_0)
DA:1,8
DA:3,8
DA:5,8
DA:7,8
DA:9,0
LF:5
LH:4
BRF:0
BRH:0
end_of_record
TN:
SF:src\common\errors\not-found.error.ts
FN:8,(anonymous_0)
FNF:1
FNH:1
FNDA:2,(anonymous_0)
DA:1,8
DA:3,8
DA:5,8
DA:7,8
DA:9,2
LF:5
LH:5
BRF:0
BRH:0
end_of_record
TN:
SF:src\common\errors\time-exceed.error.ts
FN:8,(anonymous_0)
FNF:1
FNH:0
FNDA:0,(anonymous_0)
DA:1,8
DA:3,8
DA:5,8
DA:7,8
DA:9,0
LF:5
LH:4
BRF:0
BRH:0
end_of_record
TN:
SF:src\common\errors\unauthorized.error.ts
FN:8,(anonymous_0)
FNF:1
FNH:0
FNDA:0,(anonymous_0)
DA:1,8
DA:3,8
DA:5,8
DA:7,8
DA:9,0
LF:5
LH:4
BRF:0
BRH:0
end_of_record
TN:
SF:src\common\errors\validation.error.ts
FN:8,(anonymous_0)
FNF:1
FNH:0
FNDA:0,(anonymous_0)
DA:1,8
DA:3,8
DA:5,8
DA:7,8
DA:9,0
LF:5
LH:4
BRF:0
BRH:0
end_of_record
TN:
SF:src\common\factories\index.ts
FNF:0
FNH:0
DA:1,2
LF:1
LH:1
BRF:0
BRH:0
end_of_record
TN:
SF:src\common\factories\middleware.factory.ts
FN:9,(anonymous_0)
FN:13,(anonymous_1)
FN:17,(anonymous_2)
FNF:3
FNH:3
FNDA:4,(anonymous_0)
FNDA:4,(anonymous_1)
FNDA:4,(anonymous_2)
DA:2,2
DA:3,2
DA:10,4
DA:14,4
DA:18,4
DA:22,2
LF:6
LH:6
BRF:0
BRH:0
end_of_record
TN:
SF:src\common\middlewares\allowedTo.middleware.ts
FN:8,(anonymous_0)
FN:10,(anonymous_1)
FNF:2
FNH:1
FNDA:4,(anonymous_0)
FNDA:0,(anonymous_1)
DA:3,2
DA:5,2
DA:8,4
DA:10,4
DA:11,0
DA:12,0
DA:13,0
DA:14,0
DA:16,0
DA:20,2
LF:10
LH:5
BRDA:12,0,0,0
BRDA:12,0,1,0
BRDA:12,1,0,0
BRDA:12,1,1,0
BRDA:13,2,0,0
BRF:5
BRH:0
end_of_record
TN:
SF:src\common\middlewares\auth.middleware.ts
FN:8,(anonymous_7)
FN:9,(anonymous_8)
FN:13,(anonymous_9)
FNF:3
FNH:1
FNDA:4,(anonymous_7)
FNDA:0,(anonymous_8)
FNDA:0,(anonymous_9)
DA:3,2
DA:4,2
DA:8,4
DA:9,4
DA:13,0
DA:14,0
DA:15,0
DA:16,0
DA:18,0
DA:19,0
DA:22,0
DA:29,0
DA:30,0
DA:32,0
DA:33,0
DA:34,0
DA:41,0
DA:42,0
DA:43,0
DA:45,0
DA:46,0
DA:47,0
DA:48,0
DA:50,0
DA:51,0
DA:53,0
DA:54,0
DA:59,2
LF:28
LH:5
BRDA:18,0,0,0
BRDA:18,1,0,0
BRDA:18,1,1,0
BRDA:32,2,0,0
BRDA:32,3,0,0
BRDA:32,3,1,0
BRDA:46,4,0,0
BRF:7
BRH:0
end_of_record
TN:
SF:src\common\middlewares\global-error.middleware.ts
FN:5,(anonymous_0)
FNF:1
FNH:1
FNDA:3,(anonymous_0)
DA:3,2
DA:5,2
DA:11,3
DA:12,3
DA:15,0
DA:17,0
LF:6
LH:4
BRDA:11,0,0,3
BRF:1
BRH:1
end_of_record
TN:
SF:src\common\middlewares\not-found.middleware.ts
FN:8,(anonymous_8)
FN:8,(anonymous_9)
FNF:2
FNH:2
FNDA:2,(anonymous_8)
FNDA:2,(anonymous_9)
DA:1,2
DA:4,2
DA:5,2
DA:7,2
DA:8,2
DA:9,2
DA:10,2
LF:7
LH:7
BRF:0
BRH:0
end_of_record
TN:
SF:src\common\middlewares\rateLimit.middleware.ts
FNF:0
FNH:0
DA:1,2
DA:3,2
LF:2
LH:2
BRF:0
BRH:0
end_of_record
TN:
SF:src\common\middlewares\validation.middleware.ts
FN:10,(anonymous_7)
FN:12,(anonymous_8)
FN:12,(anonymous_9)
FN:17,(anonymous_10)
FNF:4
FNH:3
FNDA:1,(anonymous_7)
FNDA:1,(anonymous_8)
FNDA:1,(anonymous_9)
FNDA:0,(anonymous_10)
DA:3,8
DA:4,8
DA:5,8
DA:6,8
DA:7,8
DA:9,8
DA:10,1
DA:12,1
DA:13,1
DA:14,1
DA:16,1
DA:17,0
DA:21,0
DA:27,0
DA:34,1
DA:35,1
DA:36,1
DA:38,1
LF:18
LH:15
BRDA:16,0,0,0
BRF:1
BRH:0
end_of_record
TN:
SF:src\common\routers\index.ts
FNF:0
FNH:0
DA:1,2
LF:1
LH:1
BRF:0
BRH:0
end_of_record
TN:
SF:src\common\routers\mount.router.ts
FNF:0
FNH:0
DA:1,2
DA:3,2
DA:4,2
DA:5,2
DA:8,2
DA:10,2
DA:11,2
DA:12,2
DA:14,2
LF:9
LH:9
BRF:0
BRH:0
end_of_record
TN:
SF:src\common\utils\ApiError.ts
FN:2,(anonymous_0)
FNF:1
FNH:0
FNDA:0,(anonymous_0)
DA:1,8
DA:3,0
DA:4,0
DA:6,0
LF:4
LH:1
BRF:0
BRH:0
end_of_record
TN:
SF:src\common\utils\api-response.ts
FN:33,(anonymous_0)
FNF:1
FNH:1
FNDA:4,(anonymous_0)
DA:1,8
DA:3,8
DA:26,8
DA:44,4
DA:45,4
DA:46,4
DA:47,4
DA:48,4
DA:49,1
DA:59,4
LF:10
LH:10
BRDA:34,0,0,0
BRDA:48,1,0,1
BRF:2
BRH:1
end_of_record
TN:
SF:src\common\utils\async.ts
FN:4,(anonymous_8)
FN:4,(anonymous_9)
FN:12,handle
FNF:3
FNH:3
FNDA:81,(anonymous_8)
FNDA:11,(anonymous_9)
FNDA:23,handle
DA:3,8
DA:4,81
DA:5,11
DA:10,8
DA:12,8
DA:17,23
DA:18,23
DA:19,23
DA:20,23
DA:22,0
LF:10
LH:9
BRDA:18,0,0,0
BRF:1
BRH:0
end_of_record
TN:
SF:src\common\utils\calculateAge.ts
FN:1,(anonymous_0)
FNF:1
FNH:1
FNDA:1,(anonymous_0)
DA:1,1
DA:2,1
DA:3,1
DA:4,1
LF:4
LH:4
BRF:0
BRH:0
end_of_record
TN:
SF:src\common\utils\config.ts
FN:5,(anonymous_0)
FNF:1
FNH:1
FNDA:16,(anonymous_0)
DA:3,8
DA:5,8
DA:8,16
DA:12,16
DA:13,16
DA:14,80
DA:15,80
DA:19,16
LF:8
LH:8
BRDA:14,0,0,80
BRF:1
BRH:1
end_of_record
TN:
SF:src\common\utils\index.ts
FNF:0
FNH:0
DA:1,8
DA:2,8
DA:3,8
DA:4,8
DA:5,8
DA:6,8
DA:7,8
DA:8,8
DA:9,8
DA:10,8
DA:11,8
DA:12,8
DA:13,8
DA:14,8
LF:14
LH:14
BRF:0
BRH:0
end_of_record
TN:
SF:src\common\utils\initialSetUp.ts
FN:5,(anonymous_7)
FN:5,(anonymous_8)
FNF:2
FNH:0
FNDA:0,(anonymous_7)
FNDA:0,(anonymous_8)
DA:1,8
DA:2,8
DA:3,8
DA:5,8
DA:6,0
DA:7,0
DA:9,0
DA:11,0
DA:13,0
DA:19,0
DA:21,0
DA:24,0
DA:28,8
LF:13
LH:5
BRDA:11,0,0,0
BRDA:11,0,1,0
BRF:2
BRH:0
end_of_record
TN:
SF:src\common\utils\logger.ts
FN:12,(anonymous_1)
FNF:1
FNH:1
FNDA:30,(anonymous_1)
DA:1,8
DA:2,8
DA:3,8
DA:4,8
DA:6,8
DA:7,8
DA:8,0
DA:11,8
DA:13,30
DA:18,8
DA:21,8
DA:49,8
LF:12
LH:11
BRDA:7,0,0,0
BRDA:13,1,0,30
BRDA:13,1,1,6
BRF:3
BRH:2
end_of_record
TN:
SF:src\common\utils\paginate.ts
FN:1,(anonymous_0)
FNF:1
FNH:1
FNDA:1,(anonymous_0)
DA:1,8
DA:5,1
DA:6,1
DA:8,1
DA:9,1
DA:11,1
LF:6
LH:6
BRDA:5,0,0,1
BRDA:5,0,1,1
BRDA:6,1,0,1
BRDA:6,1,1,1
BRDA:8,2,0,1
BRDA:8,2,1,0
BRDA:9,3,0,1
BRDA:9,3,1,0
BRF:8
BRH:6
end_of_record
TN:
SF:src\common\utils\password.ts
FN:5,(anonymous_6)
FN:10,(anonymous_7)
FNF:2
FNH:1
FNDA:2,(anonymous_6)
FNDA:0,(anonymous_7)
DA:1,8
DA:2,8
DA:4,8
DA:6,2
DA:7,2
DA:11,0
LF:6
LH:5
BRF:0
BRH:0
end_of_record
TN:
SF:src\common\utils\queryBuilder.ts
FN:1,(anonymous_0)
FN:4,(anonymous_1)
FN:9,(anonymous_2)
FN:14,(anonymous_3)
FN:19,(anonymous_4)
FNF:5
FNH:0
FNDA:0,(anonymous_0)
FNDA:0,(anonymous_1)
FNDA:0,(anonymous_2)
FNDA:0,(anonymous_3)
FNDA:0,(anonymous_4)
DA:1,8
DA:2,0
DA:5,0
DA:6,0
DA:10,0
DA:11,0
DA:15,0
DA:16,0
DA:20,0
LF:9
LH:1
BRF:0
BRH:0
end_of_record
TN:
SF:src\common\utils\search.ts
FN:3,(anonymous_0)
FN:10,(anonymous_1)
FNF:2
FNH:1
FNDA:1,(anonymous_0)
FNDA:0,(anonymous_1)
DA:1,8
DA:3,8
DA:7,1
DA:10,0
DA:15,0
LF:5
LH:3
BRDA:7,0,0,1
BRDA:15,1,0,0
BRDA:15,1,1,0
BRF:3
BRH:1
end_of_record
TN:
SF:src\common\utils\sort.ts
FN:3,(anonymous_0)
FN:11,(anonymous_1)
FNF:2
FNH:1
FNDA:1,(anonymous_0)
FNDA:0,(anonymous_1)
DA:3,8
DA:6,1
DA:9,0
DA:11,0
DA:12,0
DA:15,0
DA:18,0
DA:20,0
DA:23,0
LF:9
LH:2
BRDA:6,0,0,1
BRDA:15,1,0,0
BRDA:15,1,1,0
BRF:3
BRH:1
end_of_record
TN:
SF:src\common\utils\swagger.ts
FN:24,(anonymous_1)
FNF:1
FNH:1
FNDA:2,(anonymous_1)
DA:1,8
DA:2,8
DA:5,8
DA:22,8
DA:24,8
DA:25,2
LF:6
LH:6
BRF:0
BRH:0
end_of_record
TN:
SF:src\common\utils\testHelpers.ts
FN:3,(anonymous_0)
FN:10,(anonymous_1)
FN:18,(anonymous_2)
FNF:3
FNH:3
FNDA:12,(anonymous_0)
FNDA:12,(anonymous_1)
FNDA:6,(anonymous_2)
DA:3,12
DA:10,3
DA:11,12
DA:12,12
DA:13,12
DA:14,12
DA:15,12
DA:18,3
DA:19,6
LF:9
LH:9
BRDA:3,0,0,2
BRDA:4,1,0,12
BRDA:4,1,1,7
BRDA:5,2,0,12
BRDA:5,2,1,6
BRDA:6,3,0,12
BRDA:6,3,1,11
BRDA:7,4,0,12
BRDA:7,4,1,12
BRF:9
BRH:9
end_of_record
TN:
SF:src\common\utils\token.ts
FN:7,(anonymous_1)
FN:19,verifyToken
FNF:2
FNH:1
FNDA:1,(anonymous_1)
FNDA:0,verifyToken
DA:1,8
DA:2,8
DA:7,8
DA:8,1
DA:9,1
DA:19,8
DA:20,0
DA:22,0
DA:23,0
DA:24,0
DA:26,0
LF:11
LH:6
BRDA:20,0,0,0
BRDA:20,0,1,0
BRF:2
BRH:0
end_of_record
TN:
SF:src\common\validation\config.validation.ts
FNF:0
FNH:0
DA:1,8
DA:4,8
LF:2
LH:2
BRF:0
BRH:0
end_of_record
TN:
SF:src\common\validation\index.ts
FNF:0
FNH:0
DA:1,8
DA:2,8
DA:3,8
LF:3
LH:3
BRF:0
BRH:0
end_of_record
TN:
SF:src\common\validation\localizedString.validation.ts
FN:3,(anonymous_0)
FN:12,(anonymous_1)
FNF:2
FNH:0
FNDA:0,(anonymous_0)
FNDA:0,(anonymous_1)
DA:3,8
DA:7,0
DA:13,0
DA:41,0
LF:4
LH:1
BRDA:10,0,0,0
BRDA:10,0,1,0
BRDA:13,1,0,0
BRDA:13,1,1,0
BRDA:13,1,2,0
BRDA:19,2,0,0
BRDA:19,2,1,0
BRDA:30,3,0,0
BRDA:30,3,1,0
BRF:9
BRH:0
end_of_record
TN:
SF:src\common\validation\makeOptional.validation.ts
FN:3,(anonymous_0)
FNF:1
FNH:0
FNDA:0,(anonymous_0)
DA:3,8
DA:4,0
DA:5,0
DA:6,0
DA:11,0
LF:5
LH:1
BRF:0
BRH:0
end_of_record
TN:
SF:src\data\index.ts
FNF:0
FNH:0
DA:1,8
DA:2,8
LF:2
LH:2
BRF:0
BRH:0
end_of_record
TN:
SF:src\data\entities\Resource.ts
FNF:0
FNH:0
DA:1,8
DA:8,8
DA:11,8
DA:13,8
DA:17,8
DA:20,8
DA:23,8
DA:26,8
DA:29,8
LF:9
LH:9
BRF:0
BRH:0
end_of_record
TN:
SF:src\data\entities\User.ts
FNF:0
FNH:0
DA:1,8
DA:8,8
DA:11,8
DA:13,8
DA:17,8
DA:21,8
DA:25,8
DA:28,8
DA:31,8
LF:9
LH:9
BRF:0
BRH:0
end_of_record
TN:
SF:src\data\entities\index.ts
FNF:0
FNH:0
DA:1,8
DA:2,8
LF:2
LH:2
BRF:0
BRH:0
end_of_record
TN:
SF:src\data\types\index.ts
FNF:0
FNH:0
DA:1,8
DA:2,8
LF:2
LH:2
BRF:0
BRH:0
end_of_record
TN:
SF:src\data\types\enums\index.ts
FNF:0
FNH:0
DA:1,8
DA:2,8
DA:3,8
DA:4,8
LF:4
LH:4
BRF:0
BRH:0
end_of_record
TN:
SF:src\data\types\enums\message-type.enum.ts
FN:1,(anonymous_0)
FNF:1
FNH:1
FNDA:8,(anonymous_0)
DA:1,8
DA:2,8
DA:3,8
DA:4,8
DA:5,8
LF:5
LH:5
BRDA:1,0,0,8
BRDA:1,0,1,8
BRF:2
BRH:2
end_of_record
TN:
SF:src\data\types\enums\model.enum.ts
FN:1,(anonymous_0)
FNF:1
FNH:1
FNDA:8,(anonymous_0)
DA:1,8
DA:2,8
DA:3,8
DA:4,8
LF:4
LH:4
BRDA:1,0,0,8
BRDA:1,0,1,8
BRF:2
BRH:2
end_of_record
TN:
SF:src\data\types\enums\response-status.enum.ts
FN:1,(anonymous_0)
FNF:1
FNH:1
FNDA:8,(anonymous_0)
DA:1,8
DA:2,8
DA:3,8
DA:4,8
LF:4
LH:4
BRDA:1,0,0,8
BRDA:1,0,1,8
BRF:2
BRH:2
end_of_record
TN:
SF:src\data\types\enums\user.enum.ts
FN:2,(anonymous_0)
FN:7,(anonymous_1)
FNF:2
FNH:2
FNDA:8,(anonymous_0)
FNDA:8,(anonymous_1)
DA:2,8
DA:3,8
DA:4,8
DA:7,8
DA:8,8
DA:9,8
LF:6
LH:6
BRDA:2,0,0,8
BRDA:2,0,1,8
BRDA:7,1,0,8
BRDA:7,1,1,8
BRF:4
BRH:4
end_of_record
TN:
SF:src\data\types\interfaces\index.ts
FNF:0
FNH:0
DA:1,8
DA:2,8
DA:3,8
DA:4,8
DA:5,8
DA:6,8
DA:7,8
LF:7
LH:7
BRF:0
BRH:0
end_of_record
TN:
SF:src\modules\auth\auth.controller.ts
FN:9,(anonymous_7)
FN:13,(anonymous_8)
FN:13,(anonymous_9)
FN:27,(anonymous_10)
FN:27,(anonymous_11)
FNF:5
FNH:3
FNDA:3,(anonymous_7)
FNDA:2,(anonymous_8)
FNDA:2,(anonymous_9)
FNDA:0,(anonymous_10)
FNDA:0,(anonymous_11)
DA:2,3
DA:3,3
DA:4,3
DA:5,3
DA:7,3
DA:10,3
DA:13,3
DA:14,2
DA:15,2
DA:16,1
DA:24,1
DA:27,3
DA:28,0
DA:29,0
DA:34,0
DA:42,0
LF:16
LH:12
BRF:0
BRH:0
end_of_record
TN:
SF:src\modules\auth\auth.router.ts
FNF:0
FNH:0
DA:1,2
DA:2,2
DA:3,2
DA:7,2
DA:8,2
DA:9,2
DA:11,2
DA:13,2
DA:15,2
LF:9
LH:9
BRF:0
BRH:0
end_of_record
TN:
SF:src\modules\auth\auth.service.ts
FN:12,(anonymous_7)
FN:15,(anonymous_8)
FN:38,(anonymous_10)
FNF:3
FNH:2
FNDA:3,(anonymous_7)
FNDA:2,(anonymous_8)
FNDA:0,(anonymous_10)
DA:1,4
DA:7,4
DA:8,4
DA:9,4
DA:10,4
DA:12,4
DA:13,3
DA:16,2
DA:17,2
DA:18,2
DA:23,1
DA:27,0
DA:30,2
DA:32,2
DA:42,0
DA:43,0
DA:44,0
DA:51,0
DA:54,0
LF:19
LH:13
BRDA:24,0,0,0
BRDA:24,0,1,1
BRDA:24,1,0,1
BRDA:24,1,1,1
BRDA:43,2,0,0
BRDA:43,3,0,0
BRDA:43,3,1,0
BRDA:52,4,0,0
BRDA:52,4,1,0
BRDA:52,5,0,0
BRDA:52,5,1,0
BRF:11
BRH:3
end_of_record
TN:
SF:src\modules\auth\auth.validation.ts
FN:7,(anonymous_0)
FN:13,(anonymous_1)
FN:42,(anonymous_2)
FN:71,(anonymous_3)
FN:77,(anonymous_4)
FNF:5
FNH:3
FNDA:2,(anonymous_0)
FNDA:1,(anonymous_1)
FNDA:0,(anonymous_2)
FNDA:1,(anonymous_3)
FNDA:0,(anonymous_4)
DA:1,2
DA:5,2
DA:8,2
DA:9,2
DA:14,1
DA:43,0
DA:72,1
DA:73,1
DA:78,0
LF:9
LH:7
BRF:0
BRH:0
end_of_record
TN:
SF:src\modules\auth\index.ts
FNF:0
FNH:0
DA:1,2
DA:2,2
DA:3,2
LF:3
LH:3
BRF:0
BRH:0
end_of_record
TN:
SF:src\modules\resource\index.ts
FNF:0
FNH:0
DA:1,2
DA:2,2
DA:3,2
LF:3
LH:3
BRF:0
BRH:0
end_of_record
TN:
SF:src\modules\resource\resource.controller.ts
FN:7,(anonymous_7)
FN:11,(anonymous_8)
FN:14,(anonymous_9)
FNF:3
FNH:3
FNDA:8,(anonymous_7)
FNDA:1,(anonymous_8)
FNDA:1,(anonymous_9)
DA:3,3
DA:4,3
DA:6,3
DA:8,8
DA:11,8
DA:14,1
DA:15,1
DA:16,1
DA:19,1
LF:9
LH:9
BRF:0
BRH:0
end_of_record
TN:
SF:src\modules\resource\resource.router.ts
FNF:0
FNH:0
DA:1,2
DA:2,2
DA:3,2
DA:4,2
DA:5,2
DA:6,2
DA:8,2
DA:9,2
DA:10,2
DA:11,2
DA:12,2
DA:17,2
DA:19,2
DA:21,2
DA:28,2
DA:36,2
DA:40,2
DA:48,2
DA:56,2
DA:64,2
LF:20
LH:20
BRF:0
BRH:0
end_of_record
TN:
SF:src\modules\resource\resource.service.ts
FN:7,(anonymous_7)
FN:11,(anonymous_8)
FN:15,(anonymous_10)
FNF:3
FNH:1
FNDA:8,(anonymous_7)
FNDA:0,(anonymous_8)
FNDA:0,(anonymous_10)
DA:1,3
DA:2,3
DA:3,3
DA:4,3
DA:6,3
DA:9,8
DA:12,0
DA:16,0
DA:22,0
LF:9
LH:6
BRF:0
BRH:0
end_of_record
TN:
SF:src\modules\resource\resource.validatoin.ts
FN:6,(anonymous_0)
FN:11,(anonymous_1)
FN:20,(anonymous_2)
FN:25,(anonymous_3)
FN:30,(anonymous_4)
FN:47,(anonymous_5)
FN:52,(anonymous_6)
FNF:7
FNH:1
FNDA:2,(anonymous_0)
FNDA:0,(anonymous_1)
FNDA:0,(anonymous_2)
FNDA:0,(anonymous_3)
FNDA:0,(anonymous_4)
FNDA:0,(anonymous_5)
FNDA:0,(anonymous_6)
DA:2,2
DA:3,2
DA:5,2
DA:7,2
DA:12,0
DA:21,0
DA:26,0
DA:31,0
DA:48,0
DA:53,0
LF:10
LH:4
BRF:0
BRH:0
end_of_record
TN:
SF:src\modules\user\index.ts
FNF:0
FNH:0
DA:1,2
DA:2,2
DA:3,2
DA:4,2
LF:4
LH:4
BRF:0
BRH:0
end_of_record
TN:
SF:src\modules\user\user.controller.ts
FN:7,(anonymous_0)
FN:12,(anonymous_1)
FNF:2
FNH:1
FNDA:7,(anonymous_0)
FNDA:0,(anonymous_1)
DA:1,3
DA:2,3
DA:4,3
DA:6,3
DA:8,7
DA:13,0
LF:6
LH:5
BRF:0
BRH:0
end_of_record
TN:
SF:src\modules\user\user.router.ts
FNF:0
FNH:0
DA:1,2
DA:3,2
DA:4,2
DA:5,2
DA:6,2
DA:7,2
DA:9,2
DA:10,2
DA:13,2
DA:14,2
DA:16,2
DA:17,2
DA:21,2
DA:23,2
DA:38,2
DA:59,2
LF:16
LH:16
BRF:0
BRH:0
end_of_record
TN:
SF:src\modules\user\user.service.ts
FN:9,(anonymous_0)
FNF:1
FNH:1
FNDA:13,(anonymous_0)
DA:1,8
DA:2,8
DA:3,8
DA:7,8
DA:10,13
LF:5
LH:5
BRF:0
BRH:0
end_of_record
TN:
SF:src\modules\user\user.validation.ts
FN:6,(anonymous_0)
FN:11,(anonymous_1)
FN:20,(anonymous_2)
FN:36,(anonymous_3)
FN:55,(anonymous_4)
FN:72,(anonymous_5)
FN:77,(anonymous_6)
FNF:7
FNH:1
FNDA:2,(anonymous_0)
FNDA:0,(anonymous_1)
FNDA:0,(anonymous_2)
FNDA:0,(anonymous_3)
FNDA:0,(anonymous_4)
FNDA:0,(anonymous_5)
FNDA:0,(anonymous_6)
DA:2,2
DA:3,2
DA:5,2
DA:7,2
DA:12,0
DA:21,0
DA:37,0
DA:56,0
DA:73,0
DA:78,0
LF:10
LH:4
BRF:0
BRH:0
end_of_record
